SH SERIES C/C++ Compiler (Ver. 6.0C)                                                                 04-Nov-2020 00:50:50  PAGE    1

************ OBJECT LISTING ************

FILE NAME: C:\Users\leofa\OneDrive\Documents\CASIO\fx-9860G SDK\Tutoriel\options.cpp

SCT OFFSET   CODE       C LABEL     INSTRUCTION OPERAND    COMMENT

      options.cp     1    #include "options.h"
      options.cp     2    extern "C"
      options.cp     3    {
      options.cp     4    #include "LibText.h"
      options.cp     5    }
      options.cp     6    
      options.cp     7    /************************************
      options.cp     8    
      options.cp     9    Classe abstraite pour la gestion des options
      options.cp    10    
      options.cp    11    ************************************/
      options.cp    12    
      options.cp    13    /************************************
      options.cp    14    
      options.cp    15    Pour le stockage des options; cela reste local au fichier, car les fonctions get et set sont pas faites po
                         +ur les chiens
      options.cp    16    
      options.cp    17    ************************************/
      options.cp    18    
      options.cp    19    static unsigned char stockageOptions[3] = {0,0,0x19};
      options.cp    20    
      options.cp    21    
      options.cp    22    
      options.cp    23    /************************************
      options.cp    24    
      options.cp    25    Fonctions get, pour obtenir le choix d'options
      options.cp    26    
      options.cp    27    ************************************/
      options.cp    28    
      options.cp    29    
      options.cp    30    int Options::getIcone()
P   00000000              _getIcone__7OptionsSFv:          ; function: Options::getIcone()
                                                           ; frame size=0
      options.cp    31    {
      options.cp    32    return stockageOptions[0]&0xF;
    00000000 D04D                   MOV.L       L306,R0    ; __$stockageOptions
    00000002 6000                   MOV.B       @R0,R0
    00000004 600C                   EXTU.B      R0,R0
      options.cp    33    }
    00000006 000B                   RTS
    00000008 C90F                   AND         #15,R0
      options.cp    34    
      options.cp    35    int Options::getFenetre()
    0000000A              _getFenetre__7OptionsSFv:        ; function: Options::getFenetre()
                                                           ; frame size=0
      options.cp    36    {
      options.cp    37    return (stockageOptions[0]&0xF0)>>4;
    0000000A E3FC                   MOV         #-4,R3
    0000000C D04A                   MOV.L       L306,R0    ; __$stockageOptions
    0000000E 6000                   MOV.B       @R0,R0
    00000010 600C                   EXTU.B      R0,R0
    00000012 C9F0                   AND         #240,R0
      options.cp    38    }
    00000014 000B                   RTS




SH SERIES C/C++ Compiler (Ver. 6.0C)                                                                 04-Nov-2020 00:50:50  PAGE    2


SCT OFFSET   CODE       C LABEL     INSTRUCTION OPERAND    COMMENT

    00000016 403C                   SHAD        R3,R0
      options.cp    39    
      options.cp    40    int Options::getFont()
    00000018              _getFont__7OptionsSFv:           ; function: Options::getFont()
                                                           ; frame size=0
      options.cp    41    {
      options.cp    42    return stockageOptions[1]&0x0F;
    00000018 D048                   MOV.L       L306+4,R0  ; H'00000001+__$stockageOptions
    0000001A 6000                   MOV.B       @R0,R0
    0000001C 600C                   EXTU.B      R0,R0
      options.cp    43    }
    0000001E 000B                   RTS
    00000020 C90F                   AND         #15,R0
      options.cp    44    
      options.cp    45    int Options::getCamera()
      options.cp    46    {
      options.cp    47    return stockageOptions[1]&0x30;
      options.cp    48    }
      options.cp    49    
      options.cp    50    int Options::getZoom()
      options.cp    51    {
      options.cp    52    return stockageOptions[1]&0xC0;
      options.cp    53    }
      options.cp    54    
      options.cp    55    unsigned char Options::getLargeurFont()
      options.cp    56    {
      options.cp    57    unsigned char temp[9] ={0x3,0x3,0x5,0x5,0x5,0x6,0x6,0x6,0x6};
      options.cp    58    return temp[Options::getFont()];
      options.cp    59    }
      options.cp    60    
      options.cp    61    unsigned char Options::getHauteurFont()
    00000022              _getHauteurFont__7OptionsSFv:    ; function: Options::getHauteurFont()
                                                           ; frame size=16
                                                           ; used runtime library name:
                                                           ; __slow_mvn
    00000022 4F22                   STS.L       PR,@-R15
      options.cp    62    {
      options.cp    63    unsigned char temp[9] ={0x5,0x5,0x7,0x7,0x5,0x7,0x7,0x7,0x7};
    00000024 D246                   MOV.L       L306+8,R2  ; L259
    00000026 7FF4                   ADD         #-12,R15
    00000028 D346                   MOV.L       L306+12,R3 ; __slow_mvn
    0000002A 61F3                   MOV         R15,R1
    0000002C 430B                   JSR         @R3
    0000002E E009                   MOV         #9,R0
      options.cp    64    return temp[Options::getFont()];
    00000030 BFF2                   BSR         _getFont__7OptionsSFv
    00000032 0009                   NOP
    00000034 62F3                   MOV         R15,R2
    00000036 002C                   MOV.B       @(R0,R2),R0
      options.cp    65    }
    00000038 7F0C                   ADD         #12,R15
    0000003A 4F26                   LDS.L       @R15+,PR
    0000003C 000B                   RTS
    0000003E 0009                   NOP
    00000040              _getLargeurFont__7OptionsSFv:    ; function: Options::getLargeurFont()
                                                           ; frame size=16
                                                           ; used runtime library name:




SH SERIES C/C++ Compiler (Ver. 6.0C)                                                                 04-Nov-2020 00:50:50  PAGE    3


SCT OFFSET   CODE       C LABEL     INSTRUCTION OPERAND    COMMENT

                                                           ; __slow_mvn
    00000040 4F22                   STS.L       PR,@-R15
    00000042 7FF4                   ADD         #-12,R15
    00000044 D240                   MOV.L       L306+16,R2 ; L262
    00000046 61F3                   MOV         R15,R1
    00000048 D33E                   MOV.L       L306+12,R3 ; __slow_mvn
    0000004A 430B                   JSR         @R3
    0000004C E009                   MOV         #9,R0
    0000004E BFE3                   BSR         _getFont__7OptionsSFv
    00000050 0009                   NOP
    00000052 62F3                   MOV         R15,R2
    00000054 002C                   MOV.B       @(R0,R2),R0
    00000056 7F0C                   ADD         #12,R15
    00000058 4F26                   LDS.L       @R15+,PR
    0000005A 000B                   RTS
    0000005C 0009                   NOP
    0000005E              _getCamera__7OptionsSFv:         ; function: Options::getCamera()
                                                           ; frame size=0
    0000005E D037                   MOV.L       L306+4,R0  ; H'00000001+__$stockageOptions
    00000060 6000                   MOV.B       @R0,R0
    00000062 600C                   EXTU.B      R0,R0
    00000064 000B                   RTS
    00000066 C930                   AND         #48,R0
    00000068              _getZoom__7OptionsSFv:           ; function: Options::getZoom()
                                                           ; frame size=0
    00000068 D034                   MOV.L       L306+4,R0  ; H'00000001+__$stockageOptions
    0000006A 6000                   MOV.B       @R0,R0
    0000006C 600C                   EXTU.B      R0,R0
    0000006E 000B                   RTS
    00000070 C9C0                   AND         #192,R0
      options.cp    66    
      options.cp    67    
      options.cp    68    int Options::getVitesse()
      options.cp    69    {
      options.cp    70    return (stockageOptions[2] & 0x6)>>1;
      options.cp    71    }
      options.cp    72    
      options.cp    73    bool Options::getDouxScrolling()
    00000072              _getDouxScrolling__7OptionsSFv:  ; function: Options::getDouxScrolling()
                                                           ; frame size=0
      options.cp    74    {
      options.cp    75    return stockageOptions[2]&1;
    00000072 D036                   MOV.L       L306+20,R0 ; H'00000002+__$stockageOptions
    00000074 6000                   MOV.B       @R0,R0
    00000076 600C                   EXTU.B      R0,R0
    00000078 C801                   TST         #1,R0
    0000007A 0029                   MOVT        R0
      options.cp    76    }
    0000007C 000B                   RTS
    0000007E CA01                   XOR         #1,R0
    00000080              _getVitesse__7OptionsSFv:        ; function: Options::getVitesse()
                                                           ; frame size=0
    00000080 D032                   MOV.L       L306+20,R0 ; H'00000002+__$stockageOptions
    00000082 6000                   MOV.B       @R0,R0
    00000084 600C                   EXTU.B      R0,R0
    00000086 C906                   AND         #6,R0
    00000088 000B                   RTS




SH SERIES C/C++ Compiler (Ver. 6.0C)                                                                 04-Nov-2020 00:50:50  PAGE    4


SCT OFFSET   CODE       C LABEL     INSTRUCTION OPERAND    COMMENT

    0000008A 4021                   SHAR        R0
      options.cp    77    
      options.cp    78    int Options::getFPS()
    0000008C              _getFPS__7OptionsSFv:            ; function: Options::getFPS()
                                                           ; frame size=0
      options.cp    79    {
      options.cp    80    return (stockageOptions[2]&0x38)>>3;
    0000008C D02F                   MOV.L       L306+20,R0 ; H'00000002+__$stockageOptions
    0000008E 6000                   MOV.B       @R0,R0
    00000090 600C                   EXTU.B      R0,R0
    00000092 C938                   AND         #56,R0
    00000094 4021                   SHAR        R0
    00000096 4021                   SHAR        R0
      options.cp    81    }
    00000098 000B                   RTS
    0000009A 4021                   SHAR        R0
      options.cp    82    
      options.cp    83    /************************************
      options.cp    84    
      options.cp    85    Fonction set, pour definir le choix d'options
      options.cp    86    
      options.cp    87    ************************************/
      options.cp    88    
      options.cp    89    
      options.cp    90    void Options::setFPS(unsigned char lequel)
      options.cp    91    {
      options.cp    92    stockageOptions[2] =(stockageOptions[2]&0xC7)|(lequel<<3);
      options.cp    93    }
      options.cp    94    
      options.cp    95    
      options.cp    96    void Options::setVitesse(unsigned char lequel)
      options.cp    97    {
      options.cp    98    stockageOptions[2] =(stockageOptions[2]&0xF9)|(lequel<<1);
      options.cp    99    }
      options.cp   100    
      options.cp   101    
      options.cp   102    void Options::setDouxScrolling(bool choix)
    0000009C              _setDouxScrolling__7OptionsSFb:  ; function: Options::setDouxScrolling(bool)
                                                           ; frame size=0
      options.cp   103    {
      options.cp   104    stockageOptions[2] = (stockageOptions[2]&0xFE)|choix;
    0000009C D52B                   MOV.L       L306+20,R5 ; H'00000002+__$stockageOptions
    0000009E 6050                   MOV.B       @R5,R0
    000000A0 C9FE                   AND         #254,R0
    000000A2 204B                   OR          R4,R0
      options.cp   105    }
    000000A4 000B                   RTS
    000000A6 2500                   MOV.B       R0,@R5
      options.cp   106    
      options.cp   107    void Options::setCamera(unsigned char lequel)
    000000A8              _setCamera__7OptionsSFUc:        ; function: Options::setCamera(unsigned char)
                                                           ; frame size=0
      options.cp   108    {
      options.cp   109    stockageOptions[1] = (stockageOptions[1]&0xCF)|(lequel<<4);
    000000A8 D524                   MOV.L       L306+4,R5  ; H'00000001+__$stockageOptions
    000000AA 644C                   EXTU.B      R4,R4
    000000AC 6050                   MOV.B       @R5,R0




SH SERIES C/C++ Compiler (Ver. 6.0C)                                                                 04-Nov-2020 00:50:50  PAGE    5


SCT OFFSET   CODE       C LABEL     INSTRUCTION OPERAND    COMMENT

    000000AE 4408                   SHLL2       R4
    000000B0 4408                   SHLL2       R4
    000000B2 C9CF                   AND         #207,R0
    000000B4 240B                   OR          R0,R4
      options.cp   110    }
    000000B6 000B                   RTS
    000000B8 2540                   MOV.B       R4,@R5
      options.cp   111    
      options.cp   112    void Options::setZoom(unsigned char lequel)
    000000BA              _setZoom__7OptionsSFUc:          ; function: Options::setZoom(unsigned char)
                                                           ; frame size=0
      options.cp   113    {
      options.cp   114    stockageOptions[1] = (stockageOptions[1]&0x3F)|(lequel<<6);
    000000BA 644C                   EXTU.B      R4,R4
    000000BC D51F                   MOV.L       L306+4,R5  ; H'00000001+__$stockageOptions
    000000BE 4408                   SHLL2       R4
    000000C0 6050                   MOV.B       @R5,R0
    000000C2 4408                   SHLL2       R4
    000000C4 4408                   SHLL2       R4
    000000C6 C93F                   AND         #63,R0
    000000C8 240B                   OR          R0,R4
      options.cp   115    }
    000000CA 000B                   RTS
    000000CC 2540                   MOV.B       R4,@R5
      options.cp   116    
      options.cp   117    void Options::setIcone(unsigned char lequel)
    000000CE              _setIcone__7OptionsSFUc:         ; function: Options::setIcone(unsigned char)
                                                           ; frame size=0
      options.cp   118    {
      options.cp   119    stockageOptions[0] =(stockageOptions[0]&0xF0)|lequel;
    000000CE D51A                   MOV.L       L306,R5    ; __$stockageOptions
    000000D0 6050                   MOV.B       @R5,R0
    000000D2 C9F0                   AND         #240,R0
    000000D4 204B                   OR          R4,R0
      options.cp   120    }
    000000D6 000B                   RTS
    000000D8 2500                   MOV.B       R0,@R5
      options.cp   121    
      options.cp   122    void Options::setFenetre(unsigned char lequel)
    000000DA              _setFenetre__7OptionsSFUc:       ; function: Options::setFenetre(unsigned char)
                                                           ; frame size=0
      options.cp   123    {
      options.cp   124    stockageOptions[0] =(stockageOptions[0]&0xF)|(lequel<<4);
    000000DA 644C                   EXTU.B      R4,R4
    000000DC D516                   MOV.L       L306,R5    ; __$stockageOptions
    000000DE 4408                   SHLL2       R4
    000000E0 6050                   MOV.B       @R5,R0
    000000E2 4408                   SHLL2       R4
    000000E4 C90F                   AND         #15,R0
    000000E6 240B                   OR          R0,R4
      options.cp   125    }
    000000E8 000B                   RTS
    000000EA 2540                   MOV.B       R4,@R5
      options.cp   126    
      options.cp   127    
      options.cp   128    
      options.cp   129    void Options::setFont(unsigned char lequel)




SH SERIES C/C++ Compiler (Ver. 6.0C)                                                                 04-Nov-2020 00:50:50  PAGE    6


SCT OFFSET   CODE       C LABEL     INSTRUCTION OPERAND    COMMENT

    000000EC              _setFont__7OptionsSFUc:          ; function: Options::setFont(unsigned char)
                                                           ; frame size=8
    000000EC 4F22                   STS.L       PR,@-R15
    000000EE 7FFC                   ADD         #-4,R15
      options.cp   130    {
      options.cp   131    Txt_Quit();
    000000F0 D317                   MOV.L       L306+24,R3 ; _Txt_Quit
    000000F2 430B                   JSR         @R3
    000000F4 2F40                   MOV.B       R4,@R15
      options.cp   132    Txt_Init(1<<lequel);
    000000F6 E401                   MOV         #1,R4
    000000F8 D316                   MOV.L       L306+28,R3 ; _Txt_Init
    000000FA 62F0                   MOV.B       @R15,R2
    000000FC 622C                   EXTU.B      R2,R2
    000000FE 430B                   JSR         @R3
    00000100 442C                   SHAD        R2,R4
      options.cp   133    stockageOptions[1] =(stockageOptions[1]&0xF0)|lequel;
    00000102 D40E                   MOV.L       L306+4,R4  ; H'00000001+__$stockageOptions
    00000104 62F0                   MOV.B       @R15,R2
    00000106 6040                   MOV.B       @R4,R0
    00000108 C9F0                   AND         #240,R0
    0000010A 202B                   OR          R2,R0
    0000010C 2400                   MOV.B       R0,@R4
      options.cp   134    }
    0000010E 7F04                   ADD         #4,R15
    00000110 4F26                   LDS.L       @R15+,PR
    00000112 000B                   RTS
    00000114 0009                   NOP
    00000116              _setVitesse__7OptionsSFUc:       ; function: Options::setVitesse(unsigned char)
                                                           ; frame size=0
    00000116 644C                   EXTU.B      R4,R4
    00000118 D50C                   MOV.L       L306+20,R5 ; H'00000002+__$stockageOptions
    0000011A 4400                   SHLL        R4
    0000011C 6050                   MOV.B       @R5,R0
    0000011E C9F9                   AND         #249,R0
    00000120 240B                   OR          R0,R4
    00000122 000B                   RTS
    00000124 2540                   MOV.B       R4,@R5
    00000126              _setFPS__7OptionsSFUc:           ; function: Options::setFPS(unsigned char)
                                                           ; frame size=0
    00000126 644C                   EXTU.B      R4,R4
    00000128 D508                   MOV.L       L306+20,R5 ; H'00000002+__$stockageOptions
    0000012A 4408                   SHLL2       R4
    0000012C 6050                   MOV.B       @R5,R0
    0000012E 4400                   SHLL        R4
    00000130 C9C7                   AND         #199,R0
    00000132 240B                   OR          R0,R4
    00000134 000B                   RTS
    00000136 2540                   MOV.B       R4,@R5
    00000138              L306:                             
    00000138 <00000000>             .DATA.L     __$stockageOptions
    0000013C <00000001>             .DATA.L     H'00000001+__$stockageOptions
    00000140 <00000000>             .DATA.L     L259
    00000144 <00000000>             .DATA.L     __slow_mvn
    00000148 <00000000>             .DATA.L     L262
    0000014C <00000002>             .DATA.L     H'00000002+__$stockageOptions
    00000150 <00000000>             .DATA.L     _Txt_Quit




SH SERIES C/C++ Compiler (Ver. 6.0C)                                                                 04-Nov-2020 00:50:50  PAGE    7


SCT OFFSET   CODE       C LABEL     INSTRUCTION OPERAND    COMMENT

    00000154 <00000000>             .DATA.L     _Txt_Init
D   00000000              __$stockageOptions:              ; static: stockageOptions
    00000000 000019                 .DATA.B     H'00,H'00,H'19
C   00000000              L259:
    00000000 0505070705             .DATA.B     H'05,H'05,H'07,H'07,H'05,H'07,H'07,H'07,H'07
             07070707     
    00000009              L262:
    00000009 0303050505             .DATA.B     H'03,H'03,H'05,H'05,H'05,H'06,H'06,H'06,H'06
             06060606     




















































SH SERIES C/C++ Compiler (Ver. 6.0C)                                                                 04-Nov-2020 00:50:50  PAGE    1


******** STATISTICS INFORMATION ********


********** ERROR INFORMATION ***********

NUMBER OF ERRORS:           0
NUMBER OF WARNINGS:         0




******* SOURCE LINE INFORMATION ********

COMPILED SOURCE LINE:      134



******* SECTION SIZE INFORMATION *******

PROGRAM  SECTION (P):                               00000158 Byte(s)
CONSTANT SECTION (C):                               00000012 Byte(s)
DATA     SECTION (D):                               00000003 Byte(s)
BSS      SECTION (B):                               00000000 Byte(s)

 TOTAL PROGRAM SIZE: 0000016D Byte(s)



********** LABEL INFORMATION ***********

NUMBER OF EXTERNAL REFERENCE SYMBOLS:            3
NUMBER OF EXTERNAL DEFINITION SYMBOLS:          18
NUMBER OF INTERNAL/EXTERNAL SYMBOLS:            24






























*** COMMAND PARAMETER ***


  -subcommand=C:\Users\leofa\AppData\Local\Temp\hmk769B.tmp 

