SH SERIES C/C++ Compiler (Ver. 6.0C)                                                                 09-Nov-2021 18:17:31  PAGE    1

************ OBJECT LISTING ************

FILE NAME: C:\Users\leofa\OneDrive\Documents\PycharmProjects\Particule-Casio\Glacial Project\Temp\Compile - Copie\Tutoriel.cpp

SCT OFFSET   CODE       C LABEL     INSTRUCTION OPERAND    COMMENT

      Tutoriel.c     1    /*****************************************************************/
      Tutoriel.c     2    /*                                                               */
      Tutoriel.c     3    /*   CASIO fx-9860G SDK Library                                  */
      Tutoriel.c     4    /*                                                               */
      Tutoriel.c     5    /*   File name : [ProjectName].c                                 */
      Tutoriel.c     6    /*                                                               */
      Tutoriel.c     7    /*   Copyright (c) 2006 CASIO COMPUTER CO., LTD.                 */
      Tutoriel.c     8    /*                                                               */
      Tutoriel.c     9    /*****************************************************************/
      Tutoriel.c    10    
      Tutoriel.c    11    extern "C"
      Tutoriel.c    12    {
      Tutoriel.c    13    #include "keybios.h"
      Tutoriel.c    14    #include "fxlib.h"
      Tutoriel.c    15    #include <stdio.h>
      Tutoriel.c    16    #include "stdio.h"
      Tutoriel.c    17    #include "stdlib.h"
      Tutoriel.c    18    
      Tutoriel.c    19    #include "string.h"
      Tutoriel.c    20    #include "time.h"
      Tutoriel.c    21    
      Tutoriel.c    22    
      Tutoriel.c    23    
      Tutoriel.c    24    
      Tutoriel.c    25    }
      Tutoriel.c    26    #include "usefull.h"
      Tutoriel.c    27    
      Tutoriel.c    28    //****************************************************************************
      Tutoriel.c    29    //  AddIn_main (Sample program main function)
      Tutoriel.c    30    //
      Tutoriel.c    31    //  param   :   isAppli   : 1 = This application is launched by MAIN MENU.
      Tutoriel.c    32    //                        : 0 = This application is launched by a strip in eACT application.
      Tutoriel.c    33    //
      Tutoriel.c    34    //              OptionNum : Strip number (0~3)
      Tutoriel.c    35    //                         (This parameter is only used when isAppli parameter is 0.)
      Tutoriel.c    36    //
      Tutoriel.c    37    //  retval  :   1 = No error / 0 = Error
      Tutoriel.c    38    //
      Tutoriel.c    39    //****************************************************************************
      Tutoriel.c    40    #include "Announcement.h"
      Tutoriel.c    41    #include "List.h"
      Tutoriel.c    42    #include "ParticuleEngine.hpp"
      Tutoriel.c    43    //#include "ClassParticule.h"
      Tutoriel.c    44    //#include "string.h"
      Tutoriel.c    45    #include "MonochromeLib.h"
      Tutoriel.c    46    #include "Ressources.h"
      Tutoriel.c    47    
      Tutoriel.c    48    
      Tutoriel.c    49    
      Tutoriel.c    50    int main() {
P   00000000              _main:                           ; function: main
                                                           ; frame size=4
    00000000 D419                   MOV.L       L268+2,R4  ; __$__T30620692$246
    00000002 7FFC                   ADD         #-4,R15




SH SERIES C/C++ Compiler (Ver. 6.0C)                                                                 09-Nov-2021 18:17:31  PAGE    2


SCT OFFSET   CODE       C LABEL     INSTRUCTION OPERAND    COMMENT

    00000004 DE19                   MOV.L       L268+6,R14 ; __$__2691_26_sceneManager$247
    00000006 6342                   MOV.L       @R4,R3
    00000008 2338                   TST         R3,R3
    0000000A 8B15                   BF          L259
    0000000C E301                   MOV         #1,R3
      Tutoriel.c    51        static SceneManager* sceneManager = new SceneManager();
    0000000E ED00                   MOV         #0,R13
    00000010 2432                   MOV.L       R3,@R4
    00000012 63D3                   MOV         R13,R3
    00000014 2338                   TST         R3,R3
    00000016 8F06                   BF/S        L261
    00000018 2FD2                   MOV.L       R13,@R15
    0000001A D315                   MOV.L       L268+10,R3 ; ___nw__FUl
    0000001C 430B                   JSR         @R3
    0000001E E410                   MOV         #16,R4
    00000020 2008                   TST         R0,R0
    00000022 8D07                   BT/S        L262
    00000024 2F02                   MOV.L       R0,@R15
    00000026              L261:                             
    00000026 E300                   MOV         #0,R3
    00000028 62F2                   MOV.L       @R15,R2
    0000002A 1233                   MOV.L       R3,@(12,R2)
    0000002C 62F2                   MOV.L       @R15,R2
    0000002E 12D1                   MOV.L       R13,@(4,R2)
    00000030 63F2                   MOV.L       @R15,R3
    00000032 13D2                   MOV.L       R13,@(8,R3)
    00000034              L262:                             
    00000034 62F2                   MOV.L       @R15,R2
    00000036 2E22                   MOV.L       R2,@R14
    00000038              L259:                             
      Tutoriel.c    52        //reference croise
      Tutoriel.c    53        sceneManager->LoadScene(0);
    00000038 D30E                   MOV.L       L268+14,R3 ; _LoadScene__12SceneManagerFi
    0000003A E500                   MOV         #0,R5
    0000003C 430B                   JSR         @R3
    0000003E 64E2                   MOV.L       @R14,R4
      Tutoriel.c    54        sceneManager->StartScene();
    00000040 D20D                   MOV.L       L268+18,R2 ; _StartScene__12SceneManagerFv
    00000042 420B                   JSR         @R2
    00000044 64E2                   MOV.L       @R14,R4
    00000046 DA0D                   MOV.L       L268+22,R10; _UpdateScene__12SceneManagerFv
    00000048 DB0D                   MOV.L       L268+26,R11; _ML_clear_vram
    0000004A DC0E                   MOV.L       L268+30,R12; _ML_display_vram
    0000004C DD0E                   MOV.L       L268+34,R13; _Sleep
      Tutoriel.c    55        while (true)
    0000004E              L264:                             
      Tutoriel.c    56        {
      Tutoriel.c    57            ML_clear_vram();
    0000004E 4B0B                   JSR         @R11
    00000050 0009                   NOP
      Tutoriel.c    58            sceneManager->UpdateScene();
    00000052 4A0B                   JSR         @R10
    00000054 64E2                   MOV.L       @R14,R4
      Tutoriel.c    59    
      Tutoriel.c    60            Sleep(100);
    00000056 4D0B                   JSR         @R13
    00000058 E464                   MOV         #100,R4




SH SERIES C/C++ Compiler (Ver. 6.0C)                                                                 09-Nov-2021 18:17:31  PAGE    3


SCT OFFSET   CODE       C LABEL     INSTRUCTION OPERAND    COMMENT

      Tutoriel.c    61            ML_display_vram();
    0000005A 4C0B                   JSR         @R12
    0000005C 0009                   NOP
    0000005E AFF6                   BRA         L264
    00000060 0009                   NOP
      Tutoriel.c    62        }
      Tutoriel.c    63        return 1;
      Tutoriel.c    64    }
      Tutoriel.c    65    
      Tutoriel.c    66    extern "C"
      Tutoriel.c    67    {
      Tutoriel.c    68    int AddIn_main(int isAppli, unsigned short OptionNum)
    00000062              _AddIn_main:                     ; function: AddIn_main
                                                           ; frame size=0
      Tutoriel.c    69    {
      Tutoriel.c    70        return main();
    00000062 AFCD                   BRA         _main
    00000064 0009                   NOP
    00000066              L268:                             
    00000066 0000                   .DATA.W     0
    00000068 <00000000>             .DATA.L     __$__T30620692$246
    0000006C <00000000>             .DATA.L     __$__2691_26_sceneManager$247
    00000070 <00000000>             .DATA.L     ___nw__FUl
    00000074 <00000000>             .DATA.L     _LoadScene__12SceneManagerFi
    00000078 <00000000>             .DATA.L     _StartScene__12SceneManagerFv
    0000007C <00000000>             .DATA.L     _UpdateScene__12SceneManagerFv
    00000080 <00000000>             .DATA.L     _ML_clear_vram
    00000084 <00000000>             .DATA.L     _ML_display_vram
    00000088 <00000000>             .DATA.L     _Sleep
      Tutoriel.c    71    }
      Tutoriel.c    72    
      Tutoriel.c    73    
      Tutoriel.c    74    
      Tutoriel.c    75    
      Tutoriel.c    76    //****************************************************************************
      Tutoriel.c    77    //**************                                              ****************
      Tutoriel.c    78    //**************                 Notice!                      ****************
      Tutoriel.c    79    //**************                                              ****************
      Tutoriel.c    80    //**************  Please do not change the following source.  ****************
      Tutoriel.c    81    //**************                                              ****************
      Tutoriel.c    82    //****************************************************************************
      Tutoriel.c    83    
      Tutoriel.c    84    
      Tutoriel.c    85    #pragma section _BR_Size
      Tutoriel.c    86    unsigned long BR_Size;
      Tutoriel.c    87    #pragma section
      Tutoriel.c    88    
      Tutoriel.c    89    
      Tutoriel.c    90    #pragma section _TOP
      Tutoriel.c    91    
      Tutoriel.c    92    //****************************************************************************
      Tutoriel.c    93    //  InitializeSystem
      Tutoriel.c    94    //
      Tutoriel.c    95    //  param   :   isAppli   : 1 = Application / 0 = eActivity
      Tutoriel.c    96    //              OptionNum : Option Number (only eActivity)
      Tutoriel.c    97    //
      Tutoriel.c    98    //  retval  :   1 = No error / 0 = Error




SH SERIES C/C++ Compiler (Ver. 6.0C)                                                                 09-Nov-2021 18:17:31  PAGE    4


SCT OFFSET   CODE       C LABEL     INSTRUCTION OPERAND    COMMENT

      Tutoriel.c    99    //
      Tutoriel.c   100    //****************************************************************************
      Tutoriel.c   101    int InitializeSystem(int isAppli, unsigned short OptionNum)
P_T 00000000              _InitializeSystem:               ; function: InitializeSystem
                                                           ; frame size=0
      Tutoriel.c   102    {
      Tutoriel.c   103        return INIT_ADDIN_APPLICATION(isAppli, OptionNum);
    00000000 D301                   MOV.L       L269+2,R3  ; _INIT_ADDIN_APPLICATION
    00000002 432B                   JMP         @R3
    00000004 0009                   NOP
    00000006              L269:                             
    00000006 0000                   .DATA.W     0
    00000008 <00000000>             .DATA.L     _INIT_ADDIN_APPLICATION
      Tutoriel.c   104    }
      Tutoriel.c   105    
      Tutoriel.c   106    #pragma section
      Tutoriel.c   107    }
B_B 00000000              _BR_Size:                        ; static: BR_Size
    00000000 00000004               .RES.L      1
B   00000000              __$__T30620692$246:              ; static: __T30620692
    00000000 00000004               .RES.L      1
    00000004              __$__2691_26_sceneManager$247:   ; static: sceneManager
    00000004 00000004               .RES.L      1






































SH SERIES C/C++ Compiler (Ver. 6.0C)                                                                 09-Nov-2021 18:17:31  PAGE    1


******** STATISTICS INFORMATION ********


********** ERROR INFORMATION ***********

NUMBER OF ERRORS:           0
NUMBER OF WARNINGS:        49




******* SOURCE LINE INFORMATION ********

COMPILED SOURCE LINE:      107



******* SECTION SIZE INFORMATION *******

PROGRAM  SECTION (P):                               0000008C Byte(s)
PROGRAM  SECTION (P_BR_Size):                       00000000 Byte(s)
PROGRAM  SECTION (P_TOP):                           0000000C Byte(s)
CONSTANT SECTION (C):                               00000000 Byte(s)
CONSTANT SECTION (C_BR_Size):                       00000000 Byte(s)
CONSTANT SECTION (C_TOP):                           00000000 Byte(s)
DATA     SECTION (D):                               00000000 Byte(s)
DATA     SECTION (D_BR_Size):                       00000000 Byte(s)
DATA     SECTION (D_TOP):                           00000000 Byte(s)
BSS      SECTION (B):                               00000008 Byte(s)
BSS      SECTION (B_BR_Size):                       00000004 Byte(s)
BSS      SECTION (B_TOP):                           00000000 Byte(s)

 TOTAL PROGRAM SIZE: 000000A4 Byte(s)



********** LABEL INFORMATION ***********

NUMBER OF EXTERNAL REFERENCE SYMBOLS:            8
NUMBER OF EXTERNAL DEFINITION SYMBOLS:           4
NUMBER OF INTERNAL/EXTERNAL SYMBOLS:            18






















*** COMMAND PARAMETER ***


  -subcommand=C:\Users\leofa\AppData\Local\Temp\hmk5167.tmp 

