SH SERIES C/C++ Compiler (Ver. 6.0C)                                                                 08-Jan-2021 11:21:40  PAGE    1

************ OBJECT LISTING ************

FILE NAME: C:\Users\leofa\OneDrive\Documents\CASIO\fx-9860G SDK\Tutoriel V2\Component.cpp

SCT OFFSET   CODE       C LABEL     INSTRUCTION OPERAND    COMMENT

      Component.     1    #include "Component.h"
      Component.     2    #include "ClassParticule.h"
      Component.     3    #include "MonochromeLib.h"
      Component.     4    #include "Images.h"
      Component.     5    #include "usefull.h"
      Component.     6    GameObject::GameObject(const unsigned char* init_Img, int init_x, int init_y, int init_w, int init_h, cons
                         +t char* name, const char* type, Component Compo[], int CompoLength)
      Component.     7    {
      Component.     8        Img = (unsigned char*)init_Img;
      Component.     9        Name = (char*)name;
      Component.    10        Type = (char*)type;
      Component.    11        Static = 1;
      Component.    12        TrfmImgScale = 100;
      Component.    13        rotation = 90;
      Component.    14        x = init_x;
      Component.    15        y = init_y;
      Component.    16        w = init_w;
      Component.    17        h = init_h;
      Component.    18        AllCompoLength = CompoLength;
      Component.    19        AllCompo = (Component*)Compo;
      Component.    20    }
      Component.    21    void GameObject::afficher(int X, int Y)
      Component.    22    {
      Component.    23        ML_bmp_or_cl((const unsigned char*)Img, x - X, y - Y, w, h);
      Component.    24    }
      Component.    25    void Component::OnStart() {}
P   00000000              _OnStart__9ComponentFv:          ; function: Component::OnStart()
                                                           ; frame size=0
    00000000 000B                   RTS
    00000002 0009                   NOP
      Component.    26    void Component::OnUpdate() {}
    00000004              _OnUpdate__9ComponentFv:         ; function: Component::OnUpdate()
                                                           ; frame size=0
    00000004 000B                   RTS
    00000006 0009                   NOP
    00000008              ___ct__10GameObjectFPCUciN32PCcT6P9ComponentT2:
                                                           ; function: GameObject::GameObject(const unsigned char *, int, int, int, 
                        +                                  int, const char *, const char *, Component *, int)
                                                           ; frame size=20
    00000008 4F22                   STS.L       PR,@-R15
    0000000A 7FF0                   ADD         #-16,R15
    0000000C 2F42                   MOV.L       R4,@R15
    0000000E 1F53                   MOV.L       R5,@(12,R15)
    00000010 1F62                   MOV.L       R6,@(8,R15)
    00000012 1F71                   MOV.L       R7,@(4,R15)
    00000014 63F2                   MOV.L       @R15,R3
    00000016 2338                   TST         R3,R3
    00000018 8B05                   BF          L274
    0000001A D32F                   MOV.L       L283,R3    ; ___nw__FUl
    0000001C 430B                   JSR         @R3
    0000001E E430                   MOV         #48,R4
    00000020 2008                   TST         R0,R0
    00000022 8D24                   BT/S        L273
    00000024 2F02                   MOV.L       R0,@R15




SH SERIES C/C++ Compiler (Ver. 6.0C)                                                                 08-Jan-2021 11:21:40  PAGE    2


SCT OFFSET   CODE       C LABEL     INSTRUCTION OPERAND    COMMENT

    00000026              L274:                             
    00000026 62F2                   MOV.L       @R15,R2
    00000028 53F3                   MOV.L       @(12,R15),R3
    0000002A 2232                   MOV.L       R3,@R2
    0000002C 62F2                   MOV.L       @R15,R2
    0000002E 53F7                   MOV.L       @(28,R15),R3
    00000030 1232                   MOV.L       R3,@(8,R2)
    00000032 62F2                   MOV.L       @R15,R2
    00000034 53F8                   MOV.L       @(32,R15),R3
    00000036 1231                   MOV.L       R3,@(4,R2)
    00000038 62F2                   MOV.L       @R15,R2
    0000003A E301                   MOV         #1,R3
    0000003C 1233                   MOV.L       R3,@(12,R2)
    0000003E E364                   MOV         #100,R3
    00000040 62F2                   MOV.L       @R15,R2
    00000042 1234                   MOV.L       R3,@(16,R2)
    00000044 62F2                   MOV.L       @R15,R2
    00000046 E35A                   MOV         #90,R3
    00000048 1235                   MOV.L       R3,@(20,R2)
    0000004A 62F2                   MOV.L       @R15,R2
    0000004C 53F2                   MOV.L       @(8,R15),R3
    0000004E 1236                   MOV.L       R3,@(24,R2)
    00000050 62F2                   MOV.L       @R15,R2
    00000052 53F1                   MOV.L       @(4,R15),R3
    00000054 1237                   MOV.L       R3,@(28,R2)
    00000056 62F2                   MOV.L       @R15,R2
    00000058 53F5                   MOV.L       @(20,R15),R3
    0000005A 1238                   MOV.L       R3,@(32,R2)
    0000005C 62F2                   MOV.L       @R15,R2
    0000005E 53F6                   MOV.L       @(24,R15),R3
    00000060 1239                   MOV.L       R3,@(36,R2)
    00000062 62F2                   MOV.L       @R15,R2
    00000064 53FA                   MOV.L       @(40,R15),R3
    00000066 123A                   MOV.L       R3,@(40,R2)
    00000068 62F2                   MOV.L       @R15,R2
    0000006A 53F9                   MOV.L       @(36,R15),R3
    0000006C 123B                   MOV.L       R3,@(44,R2)
    0000006E              L273:                             
    0000006E 60F2                   MOV.L       @R15,R0
    00000070 7F10                   ADD         #16,R15
    00000072 4F26                   LDS.L       @R15+,PR
    00000074 000B                   RTS
    00000076 0009                   NOP
    00000078              _afficher__10GameObjectFiT1:     ; function: GameObject::afficher(int, int)
                                                           ; frame size=20
    00000078 2FE6                   MOV.L       R14,@-R15
    0000007A 6E43                   MOV         R4,R14
    0000007C 4F22                   STS.L       PR,@-R15
    0000007E 7FF8                   ADD         #-8,R15
    00000080 2F52                   MOV.L       R5,@R15
    00000082 1F61                   MOV.L       R6,@(4,R15)
    00000084 53E9                   MOV.L       @(36,R14),R3
    00000086 2F36                   MOV.L       R3,@-R15
    00000088 57E8                   MOV.L       @(32,R14),R7
    0000008A 53F2                   MOV.L       @(8,R15),R3
    0000008C 56E7                   MOV.L       @(28,R14),R6
    0000008E 3638                   SUB         R3,R6




SH SERIES C/C++ Compiler (Ver. 6.0C)                                                                 08-Jan-2021 11:21:40  PAGE    3


SCT OFFSET   CODE       C LABEL     INSTRUCTION OPERAND    COMMENT

    00000090 53F1                   MOV.L       @(4,R15),R3
    00000092 55E6                   MOV.L       @(24,R14),R5
    00000094 3538                   SUB         R3,R5
    00000096 D311                   MOV.L       L283+4,R3  ; _ML_bmp_or_cl
    00000098 430B                   JSR         @R3
    0000009A 64E2                   MOV.L       @R14,R4
    0000009C 7F0C                   ADD         #12,R15
    0000009E 4F26                   LDS.L       @R15+,PR
    000000A0 000B                   RTS
    000000A2 6EF6                   MOV.L       @R15+,R14
      Component.    27    
      Component.    28    BoxCollider::BoxCollider() {}
    000000A4              ___ct__11BoxColliderFv:          ; function: BoxCollider::BoxCollider()
                                                           ; frame size=8
    000000A4 4F22                   STS.L       PR,@-R15
    000000A6 6343                   MOV         R4,R3
    000000A8 7FFC                   ADD         #-4,R15
    000000AA 2338                   TST         R3,R3
    000000AC 8F05                   BF/S        L277
    000000AE 2F42                   MOV.L       R4,@R15
    000000B0 D309                   MOV.L       L283,R3    ; ___nw__FUl
    000000B2 430B                   JSR         @R3
    000000B4 E408                   MOV         #8,R4
    000000B6 2008                   TST         R0,R0
    000000B8 2F02                   MOV.L       R0,@R15
    000000BA              L277:                             
    000000BA 60F2                   MOV.L       @R15,R0
    000000BC 7F04                   ADD         #4,R15
    000000BE 4F26                   LDS.L       @R15+,PR
    000000C0 000B                   RTS
    000000C2 0009                   NOP
      Component.    29    void BoxCollider::OnStart() {
    000000C4              _OnStart__11BoxColliderFv:       ; function: BoxCollider::OnStart()
                                                           ; frame size=0
      Component.    30    
      Component.    31    }
    000000C4 000B                   RTS
    000000C6 0009                   NOP
      Component.    32    void BoxCollider::OnUpdate() {
    000000C8              _OnUpdate__11BoxColliderFv:      ; function: BoxCollider::OnUpdate()
                                                           ; frame size=4
    000000C8 4F22                   STS.L       PR,@-R15
      Component.    33        if (IsKeyDown(KEY_CHAR_3)) {
    000000CA D305                   MOV.L       L283+8,R3  ; _KeyDown
    000000CC 430B                   JSR         @R3
    000000CE E434                   MOV         #52,R4
      Component.    34    
      Component.    35        }
      Component.    36    }
    000000D0 4F26                   LDS.L       @R15+,PR
    000000D2 600C                   EXTU.B      R0,R0
    000000D4 000B                   RTS
    000000D6 2008                   TST         R0,R0
    000000D8              L283:                             
    000000D8 <00000000>             .DATA.L     ___nw__FUl
    000000DC <00000000>             .DATA.L     _ML_bmp_or_cl
    000000E0 <00000000>             .DATA.L     _KeyDown




SH SERIES C/C++ Compiler (Ver. 6.0C)                                                                 08-Jan-2021 11:21:40  PAGE    1


******** STATISTICS INFORMATION ********


********** ERROR INFORMATION ***********

NUMBER OF ERRORS:           0
NUMBER OF WARNINGS:         0




******* SOURCE LINE INFORMATION ********

COMPILED SOURCE LINE:       36



******* SECTION SIZE INFORMATION *******

PROGRAM  SECTION (P):                               000000E4 Byte(s)
CONSTANT SECTION (C):                               00000000 Byte(s)
DATA     SECTION (D):                               00000000 Byte(s)
BSS      SECTION (B):                               00000000 Byte(s)

 TOTAL PROGRAM SIZE: 000000E4 Byte(s)



********** LABEL INFORMATION ***********

NUMBER OF EXTERNAL REFERENCE SYMBOLS:            3
NUMBER OF EXTERNAL DEFINITION SYMBOLS:           7
NUMBER OF INTERNAL/EXTERNAL SYMBOLS:            14






























*** COMMAND PARAMETER ***


  -subcommand=C:\Users\leofa\AppData\Local\Temp\hmk69A2.tmp 

