SH SERIES C/C++ Compiler (Ver. 6.0C)                                                                 27-Nov-2021 20:46:55  PAGE    1

************ OBJECT LISTING ************

FILE NAME: C:\Users\leofa\OneDrive\Documents\PycharmProjects\Particule-Casio\Glacial Project\Temp\Compile\ParticuleGraphics.cpp

SCT OFFSET   CODE       C LABEL     INSTRUCTION OPERAND    COMMENT

      ParticuleG     1    #include "ParticuleGraphics.hpp"
      ParticuleG     2    #include "MonochromeLib.h"
      ParticuleG     3    #include "usefull.h"
      ParticuleG     4    
      ParticuleG     5    void ClearScreen() {
P   00000000              _ClearScreen__Fv:                ; function: ClearScreen()
                                                           ; frame size=0
      ParticuleG     6            ML_clear_vram();
    00000000 D322                   MOV.L       L272+2,R3  ; _ML_clear_vram
    00000002 432B                   JMP         @R3
    00000004 0009                   NOP
      ParticuleG     7    };
      ParticuleG     8    
      ParticuleG     9    void UpdateScreen() {
    00000006              _UpdateScreen__Fv:               ; function: UpdateScreen()
                                                           ; frame size=0
      ParticuleG    10            ML_display_vram();
    00000006 D322                   MOV.L       L272+6,R3  ; _ML_display_vram
    00000008 432B                   JMP         @R3
    0000000A 0009                   NOP
      ParticuleG    11    };
      ParticuleG    12    
      ParticuleG    13    void DisplayTexture(Texture* texture, int x, int y, int Zoom = 100, int Rotate = 90) {
    0000000C              _DisplayTexture__FP7TextureiN32: ; function: DisplayTexture(Texture *, int, int, int, int)
                                                           ; frame size=12
    0000000C 2FE6                   MOV.L       R14,@-R15
    0000000E 6E43                   MOV         R4,R14
      ParticuleG    14            ML_bmp_or_cl((const unsigned char*)texture->textureData, x, y, texture->width, texture->height);
    00000010 D220                   MOV.L       L272+10,R2 ; _ML_bmp_or_cl
    00000012 4F22                   STS.L       PR,@-R15
    00000014 53E4                   MOV.L       @(16,R14),R3
    00000016 2F36                   MOV.L       R3,@-R15
    00000018 57E5                   MOV.L       @(20,R14),R7
    0000001A 420B                   JSR         @R2
    0000001C 54E3                   MOV.L       @(12,R14),R4
      ParticuleG    15    };
    0000001E 7F04                   ADD         #4,R15
    00000020 4F26                   LDS.L       @R15+,PR
    00000022 000B                   RTS
    00000024 6EF6                   MOV.L       @R15+,R14
      ParticuleG    16    
      ParticuleG    17    void DisplayTexture(Texture* texture, int x, int y) {
    00000026              _DisplayTexture__FP7TextureiT2:  ; function: DisplayTexture(Texture *, int, int)
                                                           ; frame size=12
    00000026 2FE6                   MOV.L       R14,@-R15
    00000028 4F22                   STS.L       PR,@-R15
    0000002A 6E43                   MOV         R4,R14
      ParticuleG    18            ML_bmp_or_cl((const unsigned char*)texture->textureData, x, y, texture->width, texture->height);
    0000002C D219                   MOV.L       L272+10,R2 ; _ML_bmp_or_cl
    0000002E 53E4                   MOV.L       @(16,R14),R3
    00000030 2F36                   MOV.L       R3,@-R15
    00000032 57E5                   MOV.L       @(20,R14),R7
    00000034 420B                   JSR         @R2
    00000036 54E3                   MOV.L       @(12,R14),R4




SH SERIES C/C++ Compiler (Ver. 6.0C)                                                                 27-Nov-2021 20:46:55  PAGE    2


SCT OFFSET   CODE       C LABEL     INSTRUCTION OPERAND    COMMENT

      ParticuleG    19    };
    00000038 7F04                   ADD         #4,R15
    0000003A 4F26                   LDS.L       @R15+,PR
    0000003C 000B                   RTS
    0000003E 6EF6                   MOV.L       @R15+,R14
      ParticuleG    20    
      ParticuleG    21    void DrawRectangle(int x, int y, int width, int height, ML_Color Color) {
    00000040              _DrawRectangle__FiN318ML_Color:  ; function: DrawRectangle(int, int, int, int, ML_Color)
                                                           ; frame size=32
    00000040 4F22                   STS.L       PR,@-R15
    00000042 7FF0                   ADD         #-16,R15
    00000044 1F41                   MOV.L       R4,@(4,R15)
    00000046 2F52                   MOV.L       R5,@R15
    00000048 1F62                   MOV.L       R6,@(8,R15)
    0000004A 1F73                   MOV.L       R7,@(12,R15)
      ParticuleG    22            ML_rectangle(x, y, x + width, y + height, 0, Color, Color);
    0000004C 53F5                   MOV.L       @(20,R15),R3
    0000004E 2F36                   MOV.L       R3,@-R15
    00000050 52F6                   MOV.L       @(24,R15),R2
    00000052 E300                   MOV         #0,R3
    00000054 2F26                   MOV.L       R2,@-R15
    00000056 2F36                   MOV.L       R3,@-R15
    00000058 52F6                   MOV.L       @(24,R15),R2
    0000005A 57F3                   MOV.L       @(12,R15),R7
    0000005C 51F5                   MOV.L       @(20,R15),R1
    0000005E 372C                   ADD         R2,R7
    00000060 56F4                   MOV.L       @(16,R15),R6
    00000062 361C                   ADD         R1,R6
    00000064 55F3                   MOV.L       @(12,R15),R5
    00000066 D30C                   MOV.L       L272+14,R3 ; _ML_rectangle
    00000068 430B                   JSR         @R3
    0000006A 54F4                   MOV.L       @(16,R15),R4
      ParticuleG    23    };
    0000006C 7F1C                   ADD         #28,R15
    0000006E 4F26                   LDS.L       @R15+,PR
    00000070 000B                   RTS
    00000072 0009                   NOP
      ParticuleG    24    
      ParticuleG    25    void PrintTextMini(unsigned char* text,int x,int y) {
    00000074              _PrintTextMini__FPUciT2:         ; function: PrintTextMini(unsigned char *, int, int)
                                                           ; frame size=12
      ParticuleG    26            PrintMini(x, y, (unsigned char*)text, MINI_OVER);
    00000074 D309                   MOV.L       L272+18,R3 ; _PrintMini
    00000076 7FF4                   ADD         #-12,R15
    00000078 1F42                   MOV.L       R4,@(8,R15)
    0000007A E710                   MOV         #16,R7
    0000007C 2F52                   MOV.L       R5,@R15
    0000007E 1F61                   MOV.L       R6,@(4,R15)
    00000080 56F2                   MOV.L       @(8,R15),R6
    00000082 55F1                   MOV.L       @(4,R15),R5
    00000084 64F2                   MOV.L       @R15,R4
    00000086 432B                   JMP         @R3
    00000088 7F0C                   ADD         #12,R15
    0000008A              L272:                             
    0000008A 0000                   .DATA.W     0
    0000008C <00000000>             .DATA.L     _ML_clear_vram
    00000090 <00000000>             .DATA.L     _ML_display_vram




SH SERIES C/C++ Compiler (Ver. 6.0C)                                                                 27-Nov-2021 20:46:55  PAGE    3


SCT OFFSET   CODE       C LABEL     INSTRUCTION OPERAND    COMMENT

    00000094 <00000000>             .DATA.L     _ML_bmp_or_cl
    00000098 <00000000>             .DATA.L     _ML_rectangle
    0000009C <00000000>             .DATA.L     _PrintMini
      ParticuleG    27    }

























































SH SERIES C/C++ Compiler (Ver. 6.0C)                                                                 27-Nov-2021 20:46:55  PAGE    1


******** STATISTICS INFORMATION ********


********** ERROR INFORMATION ***********

NUMBER OF ERRORS:           0
NUMBER OF WARNINGS:         0




******* SOURCE LINE INFORMATION ********

COMPILED SOURCE LINE:       27



******* SECTION SIZE INFORMATION *******

PROGRAM  SECTION (P):                               000000A0 Byte(s)
CONSTANT SECTION (C):                               00000000 Byte(s)
DATA     SECTION (D):                               00000000 Byte(s)
BSS      SECTION (B):                               00000000 Byte(s)

 TOTAL PROGRAM SIZE: 000000A0 Byte(s)



********** LABEL INFORMATION ***********

NUMBER OF EXTERNAL REFERENCE SYMBOLS:            5
NUMBER OF EXTERNAL DEFINITION SYMBOLS:           6
NUMBER OF INTERNAL/EXTERNAL SYMBOLS:            12






























*** COMMAND PARAMETER ***


  -subcommand=C:\Users\leofa\AppData\Local\Temp\hmk6B58.tmp 

