SH SERIES C/C++ Compiler (Ver. 6.0C)                                                                 08-Jan-2021 11:21:40  PAGE    1

************ OBJECT LISTING ************

FILE NAME: C:\Users\leofa\OneDrive\Documents\CASIO\fx-9860G SDK\Tutoriel V2\ClassParticule.cpp

SCT OFFSET   CODE       C LABEL     INSTRUCTION OPERAND    COMMENT

      ClassParti     1    #include "ClassParticule.h"
      ClassParti     2    #include "MonochromeLib.h"
      ClassParti     3    #include "Images.h"
      ClassParti     4    #include "usefull.h"
      ClassParti     5    #include "Component.h"
      ClassParti     6    
      ClassParti     7    SceneManager::SceneManager(int* LstSceneInBuild) {
P   00000000              ___ct__12SceneManagerFPi:        ; function: SceneManager::SceneManager(int *)
                                                           ; frame size=12
    00000000 4F22                   STS.L       PR,@-R15
    00000002 7FF8                   ADD         #-8,R15
    00000004 2F42                   MOV.L       R4,@R15
    00000006 1F51                   MOV.L       R5,@(4,R15)
    00000008 63F2                   MOV.L       @R15,R3
    0000000A 2338                   TST         R3,R3
    0000000C 8B05                   BF          L305
    0000000E D313                   MOV.L       L313+2,R3  ; ___nw__FUl
    00000010 430B                   JSR         @R3
    00000012 E410                   MOV         #16,R4
    00000014 2008                   TST         R0,R0
    00000016 8D07                   BT/S        L304
    00000018 2F02                   MOV.L       R0,@R15
    0000001A              L305:                             
      ClassParti     8        SceneInBuild = LstSceneInBuild;
      ClassParti     9        LoadScene(0);
    0000001A E500                   MOV         #0,R5
    0000001C 62F2                   MOV.L       @R15,R2
    0000001E 53F1                   MOV.L       @(4,R15),R3
    00000020 1233                   MOV.L       R3,@(12,R2)
    00000022 D20F                   MOV.L       L313+6,R2  ; _LoadScene__12SceneManagerFi
    00000024 420B                   JSR         @R2
    00000026 64F2                   MOV.L       @R15,R4
    00000028              L304:                             
    00000028 60F2                   MOV.L       @R15,R0
      ClassParti    10    
      ClassParti    11    }
    0000002A 7F08                   ADD         #8,R15
    0000002C 4F26                   LDS.L       @R15+,PR
    0000002E 000B                   RTS
    00000030 0009                   NOP
      ClassParti    12    
      ClassParti    13    void SceneManager::LoadScene(int Scene) {
    00000032              _LoadScene__12SceneManagerFi:    ; function: SceneManager::LoadScene(int)
                                                           ; frame size=12
    00000032 2FE6                   MOV.L       R14,@-R15
    00000034 2FD6                   MOV.L       R13,@-R15
    00000036 6E43                   MOV         R4,R14
      ClassParti    14        ActiveScene = Scene;
      ClassParti    15        AllElem = SetupAndLoadScene(Scene);
    00000038 D30A                   MOV.L       L313+10,R3 ; _SetupAndLoadScene__12SceneManagerFi
    0000003A 6D53                   MOV         R5,R13
    0000003C 4F22                   STS.L       PR,@-R15
    0000003E 1E52                   MOV.L       R5,@(8,R14)
    00000040 65D3                   MOV         R13,R5




SH SERIES C/C++ Compiler (Ver. 6.0C)                                                                 08-Jan-2021 11:21:40  PAGE    2


SCT OFFSET   CODE       C LABEL     INSTRUCTION OPERAND    COMMENT

    00000042 430B                   JSR         @R3
    00000044 64E3                   MOV         R14,R4
      ClassParti    16        AllElemLength = LenOfAllElem(Scene);
    00000046 65D3                   MOV         R13,R5
    00000048 2E02                   MOV.L       R0,@R14
    0000004A D207                   MOV.L       L313+14,R2 ; _LenOfAllElem__12SceneManagerFi
    0000004C 420B                   JSR         @R2
    0000004E 64E3                   MOV         R14,R4
    00000050 1E01                   MOV.L       R0,@(4,R14)
      ClassParti    17    }
    00000052 4F26                   LDS.L       @R15+,PR
    00000054 6DF6                   MOV.L       @R15+,R13
    00000056 000B                   RTS
    00000058 6EF6                   MOV.L       @R15+,R14
    0000005A              L313:                             
    0000005A 0000                   .DATA.W     0
    0000005C <00000000>             .DATA.L     ___nw__FUl
    00000060 <00000000>             .DATA.L     _LoadScene__12SceneManagerFi
    00000064 <00000000>             .DATA.L     _SetupAndLoadScene__12SceneManagerFi
    00000068 <00000000>             .DATA.L     _LenOfAllElem__12SceneManagerFi
      ClassParti    18    
      ClassParti    19    int SceneManager::LenOfAllElem(int Scene) {
      ClassParti    20        if (Scene == 0)
      ClassParti    21            return 14;
      ClassParti    22        return 0;
      ClassParti    23    }
      ClassParti    24    
      ClassParti    25    GameObject* SceneManager::SetupAndLoadScene(int Scene) {
    0000006C              _SetupAndLoadScene__12SceneManagerFi:
                                                           ; function: SceneManager::SetupAndLoadScene(int)
                                                           ; frame size=1504
                                                           ; used runtime library name:
                                                           ; __quick_evn_mvn
    0000006C 2FE6                   MOV.L       R14,@-R15
      ClassParti    26        if (Scene == 0) {
    0000006E 2558                   TST         R5,R5
    00000070 90B5                   MOV.W       L314,R0    ; H'FAB4
    00000072 2FD6                   MOV.L       R13,@-R15
    00000074 2FC6                   MOV.L       R12,@-R15
    00000076 2FB6                   MOV.L       R11,@-R15
    00000078 2FA6                   MOV.L       R10,@-R15
    0000007A 2F96                   MOV.L       R9,@-R15
    0000007C 4F22                   STS.L       PR,@-R15
    0000007E 3F0C                   ADD         R0,R15
    00000080 8901                   BT          L315
    00000082 A15C                   BRA         L309
    00000084 0009                   NOP
    00000086              L315:                             
      ClassParti    27            Component test[] = { BoxCollider() };
    00000086 9EAB                   MOV.W       L314+2,R14 ; H'0540
    00000088 94AB                   MOV.W       L314+4,R4  ; H'0544
    0000008A 3EFC                   ADD         R15,R14
    0000008C D25B                   MOV.L       L314+30,R2 ; ___ct__11BoxColliderFv
    0000008E 420B                   JSR         @R2
    00000090 34FC                   ADD         R15,R4
      ClassParti    28            GameObject Nelem0(ImgNelem0, 152, 49, 16, 16, "test", "hey", test, 1);
    00000092 E910                   MOV         #16,R9




SH SERIES C/C++ Compiler (Ver. 6.0C)                                                                 08-Jan-2021 11:21:40  PAGE    3


SCT OFFSET   CODE       C LABEL     INSTRUCTION OPERAND    COMMENT

    00000094 DD5A                   MOV.L       L314+34,R13; ___ct__10GameObjectFPCUciN32PCcT6P9ComponentT2
    00000096 E731                   MOV         #49,R7
    00000098 D55C                   MOV.L       L314+46,R5 ; __$ImgNelem0
    0000009A EA01                   MOV         #1,R10
    0000009C DB59                   MOV.L       L314+38,R11; L283
    0000009E 6293                   MOV         R9,R2
    000000A0 94A0                   MOV.W       L314+6,R4  ; H'0528
    000000A2 6673                   MOV         R7,R6
    000000A4 6302                   MOV.L       @R0,R3
    000000A6 7667                   ADD         #103,R6
    000000A8 DC57                   MOV.L       L314+42,R12; L282
    000000AA 2E32                   MOV.L       R3,@R14
    000000AC 2FA6                   MOV.L       R10,@-R15
    000000AE 2FE6                   MOV.L       R14,@-R15
    000000B0 2FB6                   MOV.L       R11,@-R15
    000000B2 2FC6                   MOV.L       R12,@-R15
    000000B4 2F96                   MOV.L       R9,@-R15
    000000B6 2F96                   MOV.L       R9,@-R15
    000000B8 4D0B                   JSR         @R13
    000000BA 34FC                   ADD         R15,R4
      ClassParti    29            GameObject Nelem1(ImgNelem1, 167, 49, 16, 16, "test", "hey", test, 1);
    000000BC 2FA6                   MOV.L       R10,@-R15
    000000BE 6393                   MOV         R9,R3
    000000C0 D553                   MOV.L       L314+50,R5 ; __$ImgNelem1
    000000C2 E731                   MOV         #49,R7
    000000C4 948F                   MOV.W       L314+8,R4  ; H'0510
    000000C6 6673                   MOV         R7,R6
    000000C8 2FE6                   MOV.L       R14,@-R15
    000000CA 7676                   ADD         #118,R6
    000000CC 2FB6                   MOV.L       R11,@-R15
    000000CE 2FC6                   MOV.L       R12,@-R15
    000000D0 2F96                   MOV.L       R9,@-R15
    000000D2 2F96                   MOV.L       R9,@-R15
    000000D4 4D0B                   JSR         @R13
    000000D6 34FC                   ADD         R15,R4
      ClassParti    30            GameObject Nelem2(ImgNelem2, 123, -8, 28, 24, "test", "hey", test, 1);
    000000D8 2FA6                   MOV.L       R10,@-R15
    000000DA E218                   MOV         #24,R2
    000000DC D54D                   MOV.L       L314+54,R5 ; __$ImgNelem2
    000000DE E31C                   MOV         #28,R3
    000000E0 9482                   MOV.W       L314+10,R4 ; H'04F8
    000000E2 E7F8                   MOV         #-8,R7
    000000E4 2FE6                   MOV.L       R14,@-R15
    000000E6 E67B                   MOV         #123,R6
    000000E8 2FB6                   MOV.L       R11,@-R15
    000000EA 2FC6                   MOV.L       R12,@-R15
    000000EC 2F26                   MOV.L       R2,@-R15
    000000EE 2F36                   MOV.L       R3,@-R15
    000000F0 4D0B                   JSR         @R13
    000000F2 34FC                   ADD         R15,R4
      ClassParti    31            GameObject Nelem3(ImgNelem3, 17, 49, 16, 16, "test", "hey", test, 1);
    000000F4 2FA6                   MOV.L       R10,@-R15
    000000F6 6293                   MOV         R9,R2
    000000F8 D547                   MOV.L       L314+58,R5 ; __$ImgNelem3
    000000FA E731                   MOV         #49,R7
    000000FC 9475                   MOV.W       L314+12,R4 ; H'04E0
    000000FE E611                   MOV         #17,R6




SH SERIES C/C++ Compiler (Ver. 6.0C)                                                                 08-Jan-2021 11:21:40  PAGE    4


SCT OFFSET   CODE       C LABEL     INSTRUCTION OPERAND    COMMENT

    00000100 2FE6                   MOV.L       R14,@-R15
    00000102 2FB6                   MOV.L       R11,@-R15
    00000104 2FC6                   MOV.L       R12,@-R15
    00000106 2F96                   MOV.L       R9,@-R15
    00000108 2F96                   MOV.L       R9,@-R15
    0000010A 4D0B                   JSR         @R13
    0000010C 34FC                   ADD         R15,R4
      ClassParti    32            GameObject Nelem4(ImgNelem4, 17, 25, 24, 24, "test", "hey", test, 1);
    0000010E E318                   MOV         #24,R3
    00000110 D542                   MOV.L       L314+62,R5 ; __$ImgNelem4
    00000112 E719                   MOV         #25,R7
    00000114 946A                   MOV.W       L314+14,R4 ; H'04C8
    00000116 E611                   MOV         #17,R6
    00000118 2FA6                   MOV.L       R10,@-R15
    0000011A 2FE6                   MOV.L       R14,@-R15
    0000011C 2FB6                   MOV.L       R11,@-R15
    0000011E 2FC6                   MOV.L       R12,@-R15
    00000120 2F36                   MOV.L       R3,@-R15
    00000122 2F36                   MOV.L       R3,@-R15
    00000124 4D0B                   JSR         @R13
    00000126 34FC                   ADD         R15,R4
      ClassParti    33            GameObject Nelem5(ImgNelem5, 32, 49, 16, 16, "test", "hey", test, 1);
    00000128 D53D                   MOV.L       L314+66,R5 ; __$ImgNelem5
    0000012A 7F78                   ADD         #120,R15
    0000012C 945F                   MOV.W       L314+16,R4 ; H'0438
    0000012E 6293                   MOV         R9,R2
    00000130 2FA6                   MOV.L       R10,@-R15
    00000132 E731                   MOV         #49,R7
    00000134 2FE6                   MOV.L       R14,@-R15
    00000136 E620                   MOV         #32,R6
    00000138 2FB6                   MOV.L       R11,@-R15
    0000013A 2FC6                   MOV.L       R12,@-R15
    0000013C 2F96                   MOV.L       R9,@-R15
    0000013E 2F96                   MOV.L       R9,@-R15
    00000140 4D0B                   JSR         @R13
    00000142 34FC                   ADD         R15,R4
      ClassParti    34            GameObject Nelem6(ImgNelem6, 47, 49, 16, 16, "test", "hey", test, 1);
    00000144 2FA6                   MOV.L       R10,@-R15
    00000146 6393                   MOV         R9,R3
    00000148 D536                   MOV.L       L314+70,R5 ; __$ImgNelem6
    0000014A E731                   MOV         #49,R7
    0000014C 9450                   MOV.W       L314+18,R4 ; H'0420
    0000014E E62F                   MOV         #47,R6
    00000150 2FE6                   MOV.L       R14,@-R15
    00000152 2FB6                   MOV.L       R11,@-R15
    00000154 2FC6                   MOV.L       R12,@-R15
    00000156 2F96                   MOV.L       R9,@-R15
    00000158 2F96                   MOV.L       R9,@-R15
    0000015A 4D0B                   JSR         @R13
    0000015C 34FC                   ADD         R15,R4
      ClassParti    35            GameObject Nelem7(ImgNelem7, 62, 49, 16, 16, "test", "hey", test, 1);
    0000015E 6293                   MOV         R9,R2
    00000160 D531                   MOV.L       L314+74,R5 ; __$ImgNelem7
    00000162 E731                   MOV         #49,R7
    00000164 9445                   MOV.W       L314+20,R4 ; H'0408
    00000166 E63E                   MOV         #62,R6
    00000168 2FA6                   MOV.L       R10,@-R15




SH SERIES C/C++ Compiler (Ver. 6.0C)                                                                 08-Jan-2021 11:21:40  PAGE    5


SCT OFFSET   CODE       C LABEL     INSTRUCTION OPERAND    COMMENT

    0000016A 2FE6                   MOV.L       R14,@-R15
    0000016C 2FB6                   MOV.L       R11,@-R15
    0000016E 2FC6                   MOV.L       R12,@-R15
    00000170 2F96                   MOV.L       R9,@-R15
    00000172 2F96                   MOV.L       R9,@-R15
    00000174 4D0B                   JSR         @R13
    00000176 34FC                   ADD         R15,R4
      ClassParti    36            GameObject Nelem8(ImgNelem8, 77, 49, 16, 16, "test", "hey", test, 1);
    00000178 2FA6                   MOV.L       R10,@-R15
    0000017A 6393                   MOV         R9,R3
    0000017C D52B                   MOV.L       L314+78,R5 ; __$ImgNelem8
    0000017E E731                   MOV         #49,R7
    00000180 9438                   MOV.W       L314+22,R4 ; H'03F0
    00000182 E64D                   MOV         #77,R6
    00000184 2FE6                   MOV.L       R14,@-R15
    00000186 2FB6                   MOV.L       R11,@-R15
    00000188 2FC6                   MOV.L       R12,@-R15
    0000018A 2F96                   MOV.L       R9,@-R15
    0000018C 2F96                   MOV.L       R9,@-R15
    0000018E 4D0B                   JSR         @R13
    00000190 34FC                   ADD         R15,R4
      ClassParti    37            GameObject Nelem9(ImgNelem9, 92, 49, 16, 16, "test", "hey", test, 1);
    00000192 6293                   MOV         R9,R2
    00000194 D526                   MOV.L       L314+82,R5 ; __$ImgNelem9
    00000196 E731                   MOV         #49,R7
    00000198 942D                   MOV.W       L314+24,R4 ; H'03D8
    0000019A E65C                   MOV         #92,R6
    0000019C 2FA6                   MOV.L       R10,@-R15
    0000019E 2FE6                   MOV.L       R14,@-R15
    000001A0 2FB6                   MOV.L       R11,@-R15
    000001A2 2FC6                   MOV.L       R12,@-R15
    000001A4 2F96                   MOV.L       R9,@-R15
    000001A6 2F96                   MOV.L       R9,@-R15
    000001A8 4D0B                   JSR         @R13
    000001AA 34FC                   ADD         R15,R4
      ClassParti    38            GameObject Nelem10(ImgNelem10, 107, 49, 16, 16, "test", "hey", test, 1);
    000001AC D521                   MOV.L       L314+86,R5 ; __$ImgNelem10
    000001AE 7F78                   ADD         #120,R15
    000001B0 9422                   MOV.W       L314+26,R4 ; H'0348
    000001B2 6393                   MOV         R9,R3
    000001B4 2FA6                   MOV.L       R10,@-R15
    000001B6 E731                   MOV         #49,R7
    000001B8 2FE6                   MOV.L       R14,@-R15
    000001BA E66B                   MOV         #107,R6
    000001BC 2FB6                   MOV.L       R11,@-R15
    000001BE 2FC6                   MOV.L       R12,@-R15
    000001C0 2F96                   MOV.L       R9,@-R15
    000001C2 2F96                   MOV.L       R9,@-R15
    000001C4 4D0B                   JSR         @R13
    000001C6 34FC                   ADD         R15,R4
      ClassParti    39            GameObject Nelem11(ImgNelem11, 122, 49, 16, 16, "test", "hey", test, 1);
    000001C8 2FA6                   MOV.L       R10,@-R15
    000001CA 6293                   MOV         R9,R2
    000001CC 2FE6                   MOV.L       R14,@-R15
    000001CE E731                   MOV         #49,R7
    000001D0 2FB6                   MOV.L       R11,@-R15
    000001D2 E67A                   MOV         #122,R6




SH SERIES C/C++ Compiler (Ver. 6.0C)                                                                 08-Jan-2021 11:21:40  PAGE    6


SCT OFFSET   CODE       C LABEL     INSTRUCTION OPERAND    COMMENT

    000001D4 2FC6                   MOV.L       R12,@-R15
    000001D6 2F96                   MOV.L       R9,@-R15
    000001D8 2F96                   MOV.L       R9,@-R15
    000001DA A02D                   BRA         L312
    000001DC 0009                   NOP
    000001DE              L314:                             
    000001DE FAB4                   .DATA.W     H'FAB4
    000001E0 0540                   .DATA.W     H'0540
    000001E2 0544                   .DATA.W     H'0544
    000001E4 0528                   .DATA.W     H'0528
    000001E6 0510                   .DATA.W     H'0510
    000001E8 04F8                   .DATA.W     H'04F8
    000001EA 04E0                   .DATA.W     H'04E0
    000001EC 04C8                   .DATA.W     H'04C8
    000001EE 0438                   .DATA.W     H'0438
    000001F0 0420                   .DATA.W     H'0420
    000001F2 0408                   .DATA.W     H'0408
    000001F4 03F0                   .DATA.W     H'03F0
    000001F6 03D8                   .DATA.W     H'03D8
    000001F8 0348                   .DATA.W     H'0348
    000001FA 0000                   .DATA.W     0
    000001FC <00000000>             .DATA.L     ___ct__11BoxColliderFv
    00000200 <00000000>             .DATA.L     ___ct__10GameObjectFPCUciN32PCcT6P9ComponentT2
    00000204 <00000000>             .DATA.L     L283
    00000208 <00000000>             .DATA.L     L282
    0000020C <00000000>             .DATA.L     __$ImgNelem0
    00000210 <00000000>             .DATA.L     __$ImgNelem1
    00000214 <00000000>             .DATA.L     __$ImgNelem2
    00000218 <00000000>             .DATA.L     __$ImgNelem3
    0000021C <00000000>             .DATA.L     __$ImgNelem4
    00000220 <00000000>             .DATA.L     __$ImgNelem5
    00000224 <00000000>             .DATA.L     __$ImgNelem6
    00000228 <00000000>             .DATA.L     __$ImgNelem7
    0000022C <00000000>             .DATA.L     __$ImgNelem8
    00000230 <00000000>             .DATA.L     __$ImgNelem9
    00000234 <00000000>             .DATA.L     __$ImgNelem10
    00000238              L312:                             
    00000238 D557                   MOV.L       L316+56,R5 ; __$ImgNelem11
    0000023A 9491                   MOV.W       L316,R4    ; H'0330
    0000023C 4D0B                   JSR         @R13
    0000023E 34FC                   ADD         R15,R4
      ClassParti    40            GameObject Nelem12(ImgNelem12, 137, 49, 16, 16, "test", "hey", test, 1);
    00000240 2FA6                   MOV.L       R10,@-R15
    00000242 6393                   MOV         R9,R3
    00000244 D555                   MOV.L       L316+60,R5 ; __$ImgNelem12
    00000246 E731                   MOV         #49,R7
    00000248 948B                   MOV.W       L316+2,R4  ; H'0318
    0000024A 6673                   MOV         R7,R6
    0000024C 2FE6                   MOV.L       R14,@-R15
    0000024E 7658                   ADD         #88,R6
    00000250 2FB6                   MOV.L       R11,@-R15
    00000252 2FC6                   MOV.L       R12,@-R15
    00000254 2F96                   MOV.L       R9,@-R15
    00000256 2F96                   MOV.L       R9,@-R15
    00000258 4D0B                   JSR         @R13
    0000025A 34FC                   ADD         R15,R4
      ClassParti    41            GameObject Nelem13(ImgNelem13, 0, 0, 16, 16, "test", "hey", test, 1);




SH SERIES C/C++ Compiler (Ver. 6.0C)                                                                 08-Jan-2021 11:21:40  PAGE    7


SCT OFFSET   CODE       C LABEL     INSTRUCTION OPERAND    COMMENT

    0000025C 2FA6                   MOV.L       R10,@-R15
    0000025E 6293                   MOV         R9,R2
    00000260 D54F                   MOV.L       L316+64,R5 ; __$ImgNelem13
    00000262 E700                   MOV         #0,R7
    00000264 947E                   MOV.W       L316+4,R4  ; H'0300
    00000266 6673                   MOV         R7,R6
    00000268 2FE6                   MOV.L       R14,@-R15
    0000026A 2FB6                   MOV.L       R11,@-R15
    0000026C 2FC6                   MOV.L       R12,@-R15
    0000026E 2F96                   MOV.L       R9,@-R15
    00000270 2F96                   MOV.L       R9,@-R15
    00000272 4D0B                   JSR         @R13
    00000274 34FC                   ADD         R15,R4
    00000276 7F60                   ADD         #96,R15
      ClassParti    42            GameObject AllElem[14] = { Nelem0 , Nelem1 , Nelem2 , Nelem3 , Nelem4 , Nelem5 , Nelem6, Nelem7 ,
    00000278 9275                   MOV.W       L316+6,R2  ; H'0510
    0000027A 64F3                   MOV         R15,R4
    0000027C D349                   MOV.L       L316+68,R3 ; __quick_evn_mvn
    0000027E 32FC                   ADD         R15,R2
    00000280 6143                   MOV         R4,R1
    00000282 430B                   JSR         @R3
    00000284 E030                   MOV         #48,R0
    00000286 6143                   MOV         R4,R1
    00000288 926E                   MOV.W       L316+8,R2  ; H'04E0
    0000028A 7130                   ADD         #48,R1
    0000028C D345                   MOV.L       L316+68,R3 ; __quick_evn_mvn
    0000028E 32FC                   ADD         R15,R2
    00000290 430B                   JSR         @R3
    00000292 E030                   MOV         #48,R0
    00000294 9269                   MOV.W       L316+10,R2 ; H'04B0
    00000296 6143                   MOV         R4,R1
    00000298 D342                   MOV.L       L316+68,R3 ; __quick_evn_mvn
    0000029A 32FC                   ADD         R15,R2
    0000029C 7160                   ADD         #96,R1
    0000029E 430B                   JSR         @R3
    000002A0 E030                   MOV         #48,R0
    000002A2 9163                   MOV.W       L316+12,R1 ; H'0090
    000002A4 9263                   MOV.W       L316+14,R2 ; H'0480
    000002A6 314C                   ADD         R4,R1
    000002A8 D33E                   MOV.L       L316+68,R3 ; __quick_evn_mvn
    000002AA 32FC                   ADD         R15,R2
    000002AC 430B                   JSR         @R3
    000002AE E030                   MOV         #48,R0
    000002B0 915E                   MOV.W       L316+16,R1 ; H'00C0
    000002B2 314C                   ADD         R4,R1
    000002B4 925D                   MOV.W       L316+18,R2 ; H'0450
    000002B6 32FC                   ADD         R15,R2
    000002B8 D33A                   MOV.L       L316+68,R3 ; __quick_evn_mvn
    000002BA 430B                   JSR         @R3
    000002BC E030                   MOV         #48,R0
    000002BE 9159                   MOV.W       L316+20,R1 ; H'00F0
    000002C0 9259                   MOV.W       L316+22,R2 ; H'0420
    000002C2 314C                   ADD         R4,R1
    000002C4 D337                   MOV.L       L316+68,R3 ; __quick_evn_mvn
    000002C6 32FC                   ADD         R15,R2
    000002C8 430B                   JSR         @R3
    000002CA E030                   MOV         #48,R0




SH SERIES C/C++ Compiler (Ver. 6.0C)                                                                 08-Jan-2021 11:21:40  PAGE    8


SCT OFFSET   CODE       C LABEL     INSTRUCTION OPERAND    COMMENT

    000002CC 9154                   MOV.W       L316+24,R1 ; H'0120
    000002CE 314C                   ADD         R4,R1
    000002D0 9253                   MOV.W       L316+26,R2 ; H'03F0
    000002D2 32FC                   ADD         R15,R2
    000002D4 D333                   MOV.L       L316+68,R3 ; __quick_evn_mvn
    000002D6 430B                   JSR         @R3
    000002D8 E030                   MOV         #48,R0
    000002DA 914F                   MOV.W       L316+28,R1 ; H'0150
    000002DC 924F                   MOV.W       L316+30,R2 ; H'03C0
    000002DE 314C                   ADD         R4,R1
    000002E0 D330                   MOV.L       L316+68,R3 ; __quick_evn_mvn
    000002E2 32FC                   ADD         R15,R2
    000002E4 430B                   JSR         @R3
    000002E6 E030                   MOV         #48,R0
    000002E8 914A                   MOV.W       L316+32,R1 ; H'0180
    000002EA 314C                   ADD         R4,R1
    000002EC 9249                   MOV.W       L316+34,R2 ; H'0390
    000002EE 32FC                   ADD         R15,R2
    000002F0 D32C                   MOV.L       L316+68,R3 ; __quick_evn_mvn
    000002F2 430B                   JSR         @R3
    000002F4 E030                   MOV         #48,R0
    000002F6 9145                   MOV.W       L316+36,R1 ; H'01B0
    000002F8 9245                   MOV.W       L316+38,R2 ; H'0360
    000002FA 314C                   ADD         R4,R1
    000002FC D329                   MOV.L       L316+68,R3 ; __quick_evn_mvn
    000002FE 32FC                   ADD         R15,R2
    00000300 430B                   JSR         @R3
    00000302 E030                   MOV         #48,R0
    00000304 9140                   MOV.W       L316+40,R1 ; H'01E0
    00000306 314C                   ADD         R4,R1
    00000308 922A                   MOV.W       L316,R2    ; H'0330
    0000030A 32FC                   ADD         R15,R2
    0000030C D325                   MOV.L       L316+68,R3 ; __quick_evn_mvn
    0000030E 430B                   JSR         @R3
    00000310 E030                   MOV         #48,R0
    00000312 913A                   MOV.W       L316+42,R1 ; H'0210
    00000314 9226                   MOV.W       L316+4,R2  ; H'0300
    00000316 314C                   ADD         R4,R1
    00000318 D322                   MOV.L       L316+68,R3 ; __quick_evn_mvn
    0000031A 32FC                   ADD         R15,R2
    0000031C 430B                   JSR         @R3
    0000031E E030                   MOV         #48,R0
    00000320 9134                   MOV.W       L316+44,R1 ; H'0240
    00000322 314C                   ADD         R4,R1
    00000324 9233                   MOV.W       L316+46,R2 ; H'02D0
    00000326 32FC                   ADD         R15,R2
    00000328 D31E                   MOV.L       L316+68,R3 ; __quick_evn_mvn
    0000032A 430B                   JSR         @R3
    0000032C E030                   MOV         #48,R0
    0000032E 912F                   MOV.W       L316+48,R1 ; H'0270
    00000330 922F                   MOV.W       L316+50,R2 ; H'02A0
    00000332 314C                   ADD         R4,R1
    00000334 D31B                   MOV.L       L316+68,R3 ; __quick_evn_mvn
    00000336 32FC                   ADD         R15,R2
    00000338 430B                   JSR         @R3
    0000033A E030                   MOV         #48,R0
    0000033C 6043                   MOV         R4,R0




SH SERIES C/C++ Compiler (Ver. 6.0C)                                                                 08-Jan-2021 11:21:40  PAGE    9


SCT OFFSET   CODE       C LABEL     INSTRUCTION OPERAND    COMMENT

      ClassParti    43                                        Nelem8 , Nelem9 , Nelem10 , Nelem11 , Nelem12 , Nelem13 };
      ClassParti    44            return AllElem;
      ClassParti    45        }
      ClassParti    46    }
    0000033E              L309:                             
    0000033E 9129                   MOV.W       L316+52,R1 ; H'054C
    00000340 3F1C                   ADD         R1,R15
    00000342 4F26                   LDS.L       @R15+,PR
    00000344 69F6                   MOV.L       @R15+,R9
    00000346 6AF6                   MOV.L       @R15+,R10
    00000348 6BF6                   MOV.L       @R15+,R11
    0000034A 6CF6                   MOV.L       @R15+,R12
    0000034C 6DF6                   MOV.L       @R15+,R13
    0000034E 000B                   RTS
    00000350 6EF6                   MOV.L       @R15+,R14
    00000352              _LenOfAllElem__12SceneManagerFi: ; function: SceneManager::LenOfAllElem(int)
                                                           ; frame size=0
    00000352 2558                   TST         R5,R5
    00000354 8B01                   BF          L310
    00000356 000B                   RTS
    00000358 E00E                   MOV         #14,R0
    0000035A              L310:                             
    0000035A E000                   MOV         #0,R0
    0000035C              L311:                             
    0000035C 000B                   RTS
    0000035E 0009                   NOP
    00000360              L316:                             
    00000360 0330                   .DATA.W     H'0330
    00000362 0318                   .DATA.W     H'0318
    00000364 0300                   .DATA.W     H'0300
    00000366 0510                   .DATA.W     H'0510
    00000368 04E0                   .DATA.W     H'04E0
    0000036A 04B0                   .DATA.W     H'04B0
    0000036C 0090                   .DATA.W     H'0090
    0000036E 0480                   .DATA.W     H'0480
    00000370 00C0                   .DATA.W     H'00C0
    00000372 0450                   .DATA.W     H'0450
    00000374 00F0                   .DATA.W     H'00F0
    00000376 0420                   .DATA.W     H'0420
    00000378 0120                   .DATA.W     H'0120
    0000037A 03F0                   .DATA.W     H'03F0
    0000037C 0150                   .DATA.W     H'0150
    0000037E 03C0                   .DATA.W     H'03C0
    00000380 0180                   .DATA.W     H'0180
    00000382 0390                   .DATA.W     H'0390
    00000384 01B0                   .DATA.W     H'01B0
    00000386 0360                   .DATA.W     H'0360
    00000388 01E0                   .DATA.W     H'01E0
    0000038A 0210                   .DATA.W     H'0210
    0000038C 0240                   .DATA.W     H'0240
    0000038E 02D0                   .DATA.W     H'02D0
    00000390 0270                   .DATA.W     H'0270
    00000392 02A0                   .DATA.W     H'02A0
    00000394 054C                   .DATA.W     H'054C
    00000396 0000                   .DATA.W     0
    00000398 <00000000>             .DATA.L     __$ImgNelem11
    0000039C <00000000>             .DATA.L     __$ImgNelem12




SH SERIES C/C++ Compiler (Ver. 6.0C)                                                                 08-Jan-2021 11:21:40  PAGE   10


SCT OFFSET   CODE       C LABEL     INSTRUCTION OPERAND    COMMENT

    000003A0 <00000000>             .DATA.L     __$ImgNelem13
    000003A4 <00000000>             .DATA.L     __quick_evn_mvn
C   00000000              __$ImgNelem0:                    ; static: ImgNelem0
    00000000 FFFF8000C0             .DATA.B     H'FF,H'FF,H'80,H'00,H'C0,H'00,H'C0,H'00,H'D8,H'00,H'D8,H'00,H'C0,H'00,H'FF,H'FE,
             00C000D800 +                       H'FF,H'FF,H'FF,H'FF,H'FF,H'FF,H'FF,H'FF,H'FF,H'FF,H'FF,H'FF,H'FF,H'FF,H'FF,H'FF
             D800C000FF   
             FEFFFFFFFF   
             FFFFFFFFFF   
             FFFFFFFFFF   
             FFFF         
    00000020              __$ImgNelem1:                    ; static: ImgNelem1
    00000020 FFFF8000C0             .DATA.B     H'FF,H'FF,H'80,H'00,H'C0,H'00,H'C0,H'00,H'D8,H'00,H'D8,H'00,H'C0,H'00,H'FF,H'FE,
             00C000D800 +                       H'FF,H'FF,H'FF,H'FF,H'FF,H'FF,H'FF,H'FF,H'FF,H'FF,H'FF,H'FF,H'FF,H'FF,H'FF,H'FF
             D800C000FF   
             FEFFFFFFFF   
             FFFFFFFFFF   
             FFFFFFFFFF   
             FFFF         
    00000040              __$ImgNelem2:                    ; static: ImgNelem2
    00000040 1FFFFFC01F             .DATA.B     H'1F,H'FF,H'FF,H'C0,H'1F,H'FF,H'FF,H'C0,H'3F,H'FF,H'FC,H'40,H'30,H'00,H'00,H'C0,
             FFFFC03FFF +                       H'30,H'00,H'01,H'C0,H'38,H'40,H'31,H'C0,H'3D,H'FF,H'FB,H'C0,H'38,H'DF,H'39,H'C0,
             FC40300000 +                       H'38,H'80,H'11,H'C0,H'38,H'81,H'91,H'C0,H'38,H'C1,H'B9,H'C0,H'38,H'C0,H'39,H'C0,
             C0300001C0 +                       H'38,H'C0,H'39,H'C0,H'38,H'C1,H'B9,H'C0,H'38,H'80,H'31,H'C0,H'38,H'80,H'11,H'C0,
             384031C03D +                       H'38,H'CF,H'39,H'C0,H'3D,H'FF,H'FB,H'C0,H'38,H'00,H'01,H'C0,H'30,H'00,H'01,H'C0,
             FFFBC038DF +                       H'38,H'00,H'00,H'C0,H'3F,H'FF,H'FC,H'40,H'1F,H'FF,H'FE,H'C0,H'1F,H'FF,H'FF,H'C0
             39C0388011   
             C0388191C0   
             38C1B9C038   
             C039C038C0   
             39C038C1B9   
             C0388031C0   
             388011C038   
             CF39C03DFF   
             FBC0380001   
             C0300001C0   
             380000C03F   
             FFFC401FFF   
             FEC01FFFFF   
             C0           
    000000A0              __$ImgNelem3:                    ; static: ImgNelem3
    000000A0 FFFF8000C0             .DATA.B     H'FF,H'FF,H'80,H'00,H'C0,H'00,H'C0,H'00,H'D8,H'00,H'DA,H'00,H'C0,H'00,H'FF,H'FE,
             00C000D800 +                       H'FF,H'FF,H'80,H'FF,H'C0,H'FF,H'C0,H'FF,H'C0,H'FF,H'C0,H'FF,H'C0,H'FF,H'FE,H'FF
             DA00C000FF   
             FEFFFF80FF   
             C0FFC0FFC0   
             FFC0FFC0FF   
             FEFF         
    000000C0              __$ImgNelem4:                    ; static: ImgNelem4
    000000C0 00FFE00300             .DATA.B     H'00,H'FF,H'E0,H'03,H'00,H'10,H'04,H'00,H'08,H'08,H'7F,H'F8,H'10,H'A0,H'04,H'11,
             1004000808 +                       H'40,H'02,H'21,H'40,H'02,H'3F,H'40,H'02,H'41,H'40,H'02,H'7F,H'40,H'02,H'21,H'40,
             7FF810A004 +                       H'02,H'21,H'43,H'E2,H'20,H'A0,H'04,H'10,H'7F,H'F8,H'08,H'00,H'08,H'08,H'00,H'30,
             1140022140 +                       H'0F,H'80,H'10,H'08,H'80,H'10,H'07,H'00,H'10,H'04,H'00,H'10,H'08,H'00,H'08,H'08,
             023F400241 +                       H'7F,H'88,H'08,H'40,H'88,H'07,H'80,H'70
             40027F4002   
             2140022143   
             E220A00410   
             7FF8080008   




SH SERIES C/C++ Compiler (Ver. 6.0C)                                                                 08-Jan-2021 11:21:40  PAGE   11


SCT OFFSET   CODE       C LABEL     INSTRUCTION OPERAND    COMMENT

             0800300F80   
             1008801007   
             0010040010   
             080008087F   
             8808408807   
             8070         
    00000108              __$ImgNelem5:                    ; static: ImgNelem5
    00000108 FFFF8000C0             .DATA.B     H'FF,H'FF,H'80,H'00,H'C0,H'00,H'C0,H'00,H'D8,H'00,H'D8,H'00,H'C0,H'00,H'FF,H'FE,
             00C000D800 +                       H'FF,H'FF,H'FF,H'FF,H'FF,H'FF,H'FF,H'FF,H'FF,H'FF,H'FF,H'FF,H'FF,H'FF,H'FF,H'FF
             D800C000FF   
             FEFFFFFFFF   
             FFFFFFFFFF   
             FFFFFFFFFF   
             FFFF         
    00000128              __$ImgNelem6:                    ; static: ImgNelem6
    00000128 FFFF8001C0             .DATA.B     H'FF,H'FF,H'80,H'01,H'C0,H'01,H'C0,H'01,H'C0,H'01,H'D0,H'01,H'C0,H'01,H'FF,H'FD,
             01C001C001 +                       H'FF,H'FF,H'C1,H'01,H'E1,H'81,H'E1,H'81,H'E1,H'81,H'FD,H'81,H'FF,H'81,H'FF,H'FD
             D001C001FF   
             FDFFFFC101   
             E181E181E1   
             81FD81FF81   
             FFFD         
    00000148              __$ImgNelem7:                    ; static: ImgNelem7
    00000148 7F77808880             .DATA.B     H'7F,H'77,H'80,H'88,H'80,H'88,H'80,H'88,H'7F,H'77,H'00,H'00,H'00,H'00,H'00,H'00,
             8880887F77 +                       H'00,H'00,H'00,H'00,H'00,H'00,H'00,H'00,H'00,H'00,H'00,H'00,H'00,H'00,H'00,H'00
             0000000000   
             0000000000   
             0000000000   
             0000000000   
             0000         
    00000168              __$ImgNelem8:                    ; static: ImgNelem8
    00000168 7777888888             .DATA.B     H'77,H'77,H'88,H'88,H'88,H'88,H'88,H'88,H'77,H'77,H'00,H'00,H'00,H'00,H'00,H'00,
             8888887777 +                       H'00,H'00,H'00,H'00,H'00,H'00,H'00,H'00,H'00,H'00,H'00,H'00,H'00,H'00,H'00,H'00
             0000000000   
             0000000000   
             0000000000   
             0000000000   
             0000         
    00000188              __$ImgNelem9:                    ; static: ImgNelem9
    00000188 777E888188             .DATA.B     H'77,H'7E,H'88,H'81,H'88,H'81,H'88,H'81,H'77,H'7E,H'00,H'00,H'00,H'00,H'00,H'00,
             818881777E +                       H'00,H'00,H'00,H'00,H'00,H'00,H'00,H'00,H'00,H'00,H'00,H'00,H'00,H'00,H'00,H'00
             0000000000   
             0000000000   
             0000000000   
             0000000000   
             0000         
    000001A8              __$ImgNelem10:                   ; static: ImgNelem10
    000001A8 FFFF8000C0             .DATA.B     H'FF,H'FF,H'80,H'00,H'C0,H'00,H'C0,H'00,H'D8,H'00,H'DA,H'00,H'C0,H'00,H'FF,H'FE,
             00C000D800 +                       H'FF,H'FF,H'80,H'FF,H'C0,H'FF,H'C0,H'FF,H'C0,H'FF,H'C0,H'FF,H'C0,H'FF,H'FE,H'FF
             DA00C000FF   
             FEFFFF80FF   
             C0FFC0FFC0   
             FFC0FFC0FF   
             FEFF         
    000001C8              __$ImgNelem11:                   ; static: ImgNelem11
    000001C8 FFFF8000C0             .DATA.B     H'FF,H'FF,H'80,H'00,H'C0,H'00,H'C0,H'00,H'D8,H'00,H'D8,H'00,H'C0,H'00,H'FF,H'FE,
             00C000D800 +                       H'FF,H'FF,H'FF,H'FF,H'FF,H'FF,H'FF,H'FF,H'FF,H'FF,H'FF,H'FF,H'FF,H'FF,H'FF,H'FF




SH SERIES C/C++ Compiler (Ver. 6.0C)                                                                 08-Jan-2021 11:21:40  PAGE   12


SCT OFFSET   CODE       C LABEL     INSTRUCTION OPERAND    COMMENT

             D800C000FF   
             FEFFFFFFFF   
             FFFFFFFFFF   
             FFFFFFFFFF   
             FFFF         
    000001E8              __$ImgNelem12:                   ; static: ImgNelem12
    000001E8 FFFF8000C0             .DATA.B     H'FF,H'FF,H'80,H'00,H'C0,H'00,H'C0,H'00,H'D8,H'00,H'D8,H'00,H'C0,H'00,H'FF,H'FE,
             00C000D800 +                       H'FF,H'FF,H'FF,H'FF,H'FF,H'FF,H'FF,H'FF,H'FF,H'FF,H'FF,H'FF,H'FF,H'FF,H'FF,H'FF
             D800C000FF   
             FEFFFFFFFF   
             FFFFFFFFFF   
             FFFFFFFFFF   
             FFFF         
    00000208              __$ImgNelem13:                   ; static: ImgNelem13
    00000208 FFFF80019E             .DATA.B     H'FF,H'FF,H'80,H'01,H'9E,H'79,H'9E,H'79,H'9E,H'79,H'9E,H'79,H'9E,H'79,H'80,H'01,
             799E799E79 +                       H'80,H'01,H'FF,H'FF,H'9D,H'B9,H'9D,H'B9,H'9C,H'39,H'9F,H'F9,H'80,H'01,H'FF,H'FF
             9E799E7980   
             018001FFFF   
             9DB99DB99C   
             399FF98001   
             FFFF         
    00000228              L282:
    00000228 74657374               .SDATA      "test"
    0000022C 00                     .DATA.B     H'00
    0000022D 00000001               .RES.B      1
    0000022E 00000002               .RES.W      1
    00000230              L283:
    00000230 686579                 .SDATA      "hey"
    00000233 00                     .DATA.B     H'00
































SH SERIES C/C++ Compiler (Ver. 6.0C)                                                                 08-Jan-2021 11:21:40  PAGE    1


******** STATISTICS INFORMATION ********


********** ERROR INFORMATION ***********

NUMBER OF ERRORS:           0
NUMBER OF WARNINGS:         1




******* SOURCE LINE INFORMATION ********

COMPILED SOURCE LINE:       46



******* SECTION SIZE INFORMATION *******

PROGRAM  SECTION (P):                               000003A8 Byte(s)
CONSTANT SECTION (C):                               00000234 Byte(s)
DATA     SECTION (D):                               00000000 Byte(s)
BSS      SECTION (B):                               00000000 Byte(s)

 TOTAL PROGRAM SIZE: 000005DC Byte(s)



********** LABEL INFORMATION ***********

NUMBER OF EXTERNAL REFERENCE SYMBOLS:            4
NUMBER OF EXTERNAL DEFINITION SYMBOLS:           4
NUMBER OF INTERNAL/EXTERNAL SYMBOLS:            20






























*** COMMAND PARAMETER ***


  -subcommand=C:\Users\leofa\AppData\Local\Temp\hmk68D5.tmp 

