SH SERIES C/C++ Compiler (Ver. 6.0C)                                                                 18-Nov-2021 16:33:51  PAGE    1

************ OBJECT LISTING ************

FILE NAME: C:\Users\leofa\OneDrive\Documents\PycharmProjects\Particule-Casio\Particule\lib\Moteur\SDK Graph 75 85 95\Tutoriel.cpp

SCT OFFSET   CODE       C LABEL     INSTRUCTION OPERAND    COMMENT

      Tutoriel.c     1    /*****************************************************************/
      Tutoriel.c     2    /*                                                               */
      Tutoriel.c     3    /*   CASIO fx-9860G SDK Library                                  */
      Tutoriel.c     4    /*                                                               */
      Tutoriel.c     5    /*   File name : [ProjectName].c                                 */
      Tutoriel.c     6    /*                                                               */
      Tutoriel.c     7    /*   Copyright (c) 2006 CASIO COMPUTER CO., LTD.                 */
      Tutoriel.c     8    /*                                                               */
      Tutoriel.c     9    /*****************************************************************/
      Tutoriel.c    10    
      Tutoriel.c    11    extern "C"
      Tutoriel.c    12    {
      Tutoriel.c    13    #include "keybios.h"
      Tutoriel.c    14    #include "fxlib.h"
      Tutoriel.c    15    #include <stdio.h>
      Tutoriel.c    16    #include "stdio.h"
      Tutoriel.c    17    #include "stdlib.h"
      Tutoriel.c    18    
      Tutoriel.c    19    #include "string.h"
      Tutoriel.c    20    #include "time.h"
      Tutoriel.c    21    
      Tutoriel.c    22    
      Tutoriel.c    23    
      Tutoriel.c    24    
      Tutoriel.c    25    }
      Tutoriel.c    26    #include "usefull.h"
      Tutoriel.c    27    
      Tutoriel.c    28    //****************************************************************************
      Tutoriel.c    29    //  AddIn_main (Sample program main function)
      Tutoriel.c    30    //
      Tutoriel.c    31    //  param   :   isAppli   : 1 = This application is launched by MAIN MENU.
      Tutoriel.c    32    //                        : 0 = This application is launched by a strip in eACT application.
      Tutoriel.c    33    //
      Tutoriel.c    34    //              OptionNum : Strip number (0~3)
      Tutoriel.c    35    //                         (This parameter is only used when isAppli parameter is 0.)
      Tutoriel.c    36    //
      Tutoriel.c    37    //  retval  :   1 = No error / 0 = Error
      Tutoriel.c    38    //
      Tutoriel.c    39    //****************************************************************************
      Tutoriel.c    40    #include "Announcement.h"
      Tutoriel.c    41    #include "List.h"
      Tutoriel.c    42    #include "ParticuleEngine.hpp"
      Tutoriel.c    43    //#include "ClassParticule.h"
      Tutoriel.c    44    //#include "string.h"
      Tutoriel.c    45    #include "MonochromeLib.h"
      Tutoriel.c    46    #include "Ressources.h"
      Tutoriel.c    47    
      Tutoriel.c    48    
      Tutoriel.c    49    
      Tutoriel.c    50    int main() {
P   00000000              _main:                           ; function: main
                                                           ; frame size=44
    00000000 2FE6                   MOV.L       R14,@-R15
    00000002 2FD6                   MOV.L       R13,@-R15




SH SERIES C/C++ Compiler (Ver. 6.0C)                                                                 18-Nov-2021 16:33:51  PAGE    2


SCT OFFSET   CODE       C LABEL     INSTRUCTION OPERAND    COMMENT

    00000004 2FC6                   MOV.L       R12,@-R15
    00000006 2FB6                   MOV.L       R11,@-R15
    00000008 2FA6                   MOV.L       R10,@-R15
    0000000A 2F96                   MOV.L       R9,@-R15
    0000000C 2F86                   MOV.L       R8,@-R15
    0000000E 4F22                   STS.L       PR,@-R15
    00000010 D43A                   MOV.L       L283,R4    ; __$__T29505008$251
    00000012 7FF8                   ADD         #-8,R15
    00000014 DE3A                   MOV.L       L283+4,R14 ; __$__2805_26_sceneManager$252
    00000016 6342                   MOV.L       @R4,R3
    00000018 2338                   TST         R3,R3
    0000001A 8B36                   BF          L269
    0000001C E301                   MOV         #1,R3
      Tutoriel.c    51        static SceneManager* sceneManager = new SceneManager();
    0000001E ED00                   MOV         #0,R13
    00000020 2432                   MOV.L       R3,@R4
    00000022 63D3                   MOV         R13,R3
    00000024 2338                   TST         R3,R3
    00000026 8F06                   BF/S        L271
    00000028 2FD2                   MOV.L       R13,@R15
    0000002A D336                   MOV.L       L283+8,R3  ; ___nw__FUl
    0000002C 430B                   JSR         @R3
    0000002E E420                   MOV         #32,R4
    00000030 2008                   TST         R0,R0
    00000032 8D28                   BT/S        L275
    00000034 2F02                   MOV.L       R0,@R15
    00000036              L271:                             
    00000036 E301                   MOV         #1,R3
    00000038 62F2                   MOV.L       @R15,R2
    0000003A E10C                   MOV         #12,R1
    0000003C 1236                   MOV.L       R3,@(24,R2)
    0000003E E300                   MOV         #0,R3
    00000040 62F2                   MOV.L       @R15,R2
    00000042 1237                   MOV.L       R3,@(28,R2)
    00000044 62F2                   MOV.L       @R15,R2
    00000046 12D4                   MOV.L       R13,@(16,R2)
    00000048 63F2                   MOV.L       @R15,R3
    0000004A E2FF                   MOV         #-1,R2
    0000004C 13D5                   MOV.L       R13,@(20,R3)
    0000004E 63F2                   MOV.L       @R15,R3
    00000050 1321                   MOV.L       R2,@(4,R3)
    00000052 E200                   MOV         #0,R2
    00000054 63F2                   MOV.L       @R15,R3
    00000056 1322                   MOV.L       R2,@(8,R3)
    00000058 63F2                   MOV.L       @R15,R3
    0000005A 62D3                   MOV         R13,R2
    0000005C 313C                   ADD         R3,R1
    0000005E 2228                   TST         R2,R2
    00000060 2F16                   MOV.L       R1,@-R15
    00000062 8F06                   BF/S        L273
    00000064 1FD2                   MOV.L       R13,@(8,R15)
    00000066 D327                   MOV.L       L283+8,R3  ; ___nw__FUl
    00000068 430B                   JSR         @R3
    0000006A E404                   MOV         #4,R4
    0000006C 2008                   TST         R0,R0
    0000006E 8D05                   BT/S        L274
    00000070 1F02                   MOV.L       R0,@(8,R15)




SH SERIES C/C++ Compiler (Ver. 6.0C)                                                                 18-Nov-2021 16:33:51  PAGE    3


SCT OFFSET   CODE       C LABEL     INSTRUCTION OPERAND    COMMENT

    00000072              L273:                             
    00000072 58F2                   MOV.L       @(8,R15),R8
    00000074 D324                   MOV.L       L283+12,R3 ; ___ct__7Vector2Fv
    00000076 430B                   JSR         @R3
    00000078 E400                   MOV         #0,R4
    0000007A 2802                   MOV.L       R0,@R8
    0000007C              L274:                             
    0000007C 62F6                   MOV.L       @R15+,R2
    0000007E 53F1                   MOV.L       @(4,R15),R3
    00000080 2232                   MOV.L       R3,@R2
    00000082 B055                   BSR         __$LoadTextures__12SceneManagerFv
    00000084 64F2                   MOV.L       @R15,R4
    00000086              L275:                             
    00000086 63F2                   MOV.L       @R15,R3
    00000088 2E32                   MOV.L       R3,@R14
    0000008A              L269:                             
      Tutoriel.c    52        //reference croise
      Tutoriel.c    53        sceneManager->LoadScene(0);
    0000008A E500                   MOV         #0,R5
    0000008C D31F                   MOV.L       L283+16,R3 ; _LoadScene__12SceneManagerFi
    0000008E 430B                   JSR         @R3
    00000090 64E2                   MOV.L       @R14,R4
      Tutoriel.c    54        sceneManager->StartScene();
    00000092 D21F                   MOV.L       L283+20,R2 ; _StartScene__12SceneManagerFv
    00000094 420B                   JSR         @R2
    00000096 64E2                   MOV.L       @R14,R4
    00000098 D91E                   MOV.L       L283+24,R9 ; _Sleep
    0000009A DA1F                   MOV.L       L283+28,R10; _UpdateScene__12SceneManagerFv
    0000009C DB1F                   MOV.L       L283+32,R11; _ML_clear_vram
    0000009E DC20                   MOV.L       L283+36,R12; _KeyDown
    000000A0 DD20                   MOV.L       L283+40,R13; _ML_display_vram
      Tutoriel.c    55        while (!IsKeyDown(KEY_CTRL_MENU) && (!sceneManager->_quit))
    000000A2 A008                   BRA         L276
    000000A4 0009                   NOP
    000000A6              L277:                             
      Tutoriel.c    56        {
      Tutoriel.c    57            ML_clear_vram();
    000000A6 4B0B                   JSR         @R11
    000000A8 0009                   NOP
      Tutoriel.c    58            sceneManager->UpdateScene();
    000000AA 4A0B                   JSR         @R10
    000000AC 64E2                   MOV.L       @R14,R4
      Tutoriel.c    59    
      Tutoriel.c    60            Sleep(100);
    000000AE 490B                   JSR         @R9
    000000B0 E464                   MOV         #100,R4
      Tutoriel.c    61            ML_display_vram();
    000000B2 4D0B                   JSR         @R13
    000000B4 0009                   NOP
    000000B6              L276:                             
    000000B6 4C0B                   JSR         @R12
    000000B8 E430                   MOV         #48,R4
    000000BA 600C                   EXTU.B      R0,R0
    000000BC 2008                   TST         R0,R0
    000000BE 8B04                   BF          L278
    000000C0 D20F                   MOV.L       L283+4,R2  ; __$__2805_26_sceneManager$252
    000000C2 6322                   MOV.L       @R2,R3




SH SERIES C/C++ Compiler (Ver. 6.0C)                                                                 18-Nov-2021 16:33:51  PAGE    4


SCT OFFSET   CODE       C LABEL     INSTRUCTION OPERAND    COMMENT

    000000C4 5132                   MOV.L       @(8,R3),R1
    000000C6 2118                   TST         R1,R1
    000000C8 89ED                   BT          L277
    000000CA              L278:                             
      Tutoriel.c    62        }
      Tutoriel.c    63        delete sceneManager;
    000000CA D317                   MOV.L       L283+44,R3 ; ___dl__FPv
    000000CC 430B                   JSR         @R3
    000000CE 64E2                   MOV.L       @R14,R4
      Tutoriel.c    64        return 1;
    000000D0 E001                   MOV         #1,R0
      Tutoriel.c    65    }
    000000D2 7F08                   ADD         #8,R15
    000000D4 4F26                   LDS.L       @R15+,PR
    000000D6 68F6                   MOV.L       @R15+,R8
    000000D8 69F6                   MOV.L       @R15+,R9
    000000DA 6AF6                   MOV.L       @R15+,R10
    000000DC 6BF6                   MOV.L       @R15+,R11
    000000DE 6CF6                   MOV.L       @R15+,R12
    000000E0 6DF6                   MOV.L       @R15+,R13
    000000E2 000B                   RTS
    000000E4 6EF6                   MOV.L       @R15+,R14
      Tutoriel.c    66    
      Tutoriel.c    67    extern "C"
      Tutoriel.c    68    {
      Tutoriel.c    69    int AddIn_main(int isAppli, unsigned short OptionNum)
    000000E6              _AddIn_main:                     ; function: AddIn_main
                                                           ; frame size=8
    000000E6 4F22                   STS.L       PR,@-R15
    000000E8 7FFC                   ADD         #-4,R15
      Tutoriel.c    70    {
      Tutoriel.c    71        main();
    000000EA BF89                   BSR         _main
    000000EC 0009                   NOP
      Tutoriel.c    72        unsigned int key;
      Tutoriel.c    73        return GetKey(&key);
    000000EE D20F                   MOV.L       L283+48,R2 ; _GetKey
    000000F0 420B                   JSR         @R2
    000000F2 64F3                   MOV         R15,R4
      Tutoriel.c    74    }
    000000F4 7F04                   ADD         #4,R15
    000000F6 4F26                   LDS.L       @R15+,PR
    000000F8 000B                   RTS
    000000FA 0009                   NOP
    000000FC              L283:                             
    000000FC <00000000>             .DATA.L     __$__T29505008$251
    00000100 <00000000>             .DATA.L     __$__2805_26_sceneManager$252
    00000104 <00000000>             .DATA.L     ___nw__FUl
    00000108 <00000000>             .DATA.L     ___ct__7Vector2Fv
    0000010C <00000000>             .DATA.L     _LoadScene__12SceneManagerFi
    00000110 <00000000>             .DATA.L     _StartScene__12SceneManagerFv
    00000114 <00000000>             .DATA.L     _Sleep
    00000118 <00000000>             .DATA.L     _UpdateScene__12SceneManagerFv
    0000011C <00000000>             .DATA.L     _ML_clear_vram
    00000120 <00000000>             .DATA.L     _KeyDown
    00000124 <00000000>             .DATA.L     _ML_display_vram
    00000128 <00000000>             .DATA.L     ___dl__FPv




SH SERIES C/C++ Compiler (Ver. 6.0C)                                                                 18-Nov-2021 16:33:51  PAGE    5


SCT OFFSET   CODE       C LABEL     INSTRUCTION OPERAND    COMMENT

    0000012C <00000000>             .DATA.L     _GetKey
      Tutoriel.c    75    
      Tutoriel.c    76    
      Tutoriel.c    77    
      Tutoriel.c    78    
      Tutoriel.c    79    //****************************************************************************
      Tutoriel.c    80    //**************                                              ****************
      Tutoriel.c    81    //**************                 Notice!                      ****************
      Tutoriel.c    82    //**************                                              ****************
      Tutoriel.c    83    //**************  Please do not change the following source.  ****************
      Tutoriel.c    84    //**************                                              ****************
      Tutoriel.c    85    //****************************************************************************
      Tutoriel.c    86    
      Tutoriel.c    87    
      Tutoriel.c    88    #pragma section _BR_Size
      Tutoriel.c    89    unsigned long BR_Size;
      Tutoriel.c    90    #pragma section
      Tutoriel.c    91    
      Tutoriel.c    92    
      Tutoriel.c    93    #pragma section _TOP
      Tutoriel.c    94    
      Tutoriel.c    95    //****************************************************************************
      Tutoriel.c    96    //  InitializeSystem
      Tutoriel.c    97    //
      Tutoriel.c    98    //  param   :   isAppli   : 1 = Application / 0 = eActivity
      Tutoriel.c    99    //              OptionNum : Option Number (only eActivity)
      Tutoriel.c   100    //
      Tutoriel.c   101    //  retval  :   1 = No error / 0 = Error
      Tutoriel.c   102    //
      Tutoriel.c   103    //****************************************************************************
      Tutoriel.c   104    int InitializeSystem(int isAppli, unsigned short OptionNum)
P_T 00000000              _InitializeSystem:               ; function: InitializeSystem
                                                           ; frame size=0
      Tutoriel.c   105    {
      Tutoriel.c   106        return INIT_ADDIN_APPLICATION(isAppli, OptionNum);
    00000000 D301                   MOV.L       L284+2,R3  ; _INIT_ADDIN_APPLICATION
    00000002 432B                   JMP         @R3
    00000004 0009                   NOP
    00000006              L284:                             
    00000006 0000                   .DATA.W     0
    00000008 <00000000>             .DATA.L     _INIT_ADDIN_APPLICATION
      Tutoriel.c   107    }
      Tutoriel.c   108    
      Tutoriel.c   109    #pragma section
      Tutoriel.c   110    }
P   00000130              __$LoadTextures__12SceneManagerFv:
                                                           ; function: SceneManager::LoadTextures()
                                                           ; frame size=0
    00000130 000B                   RTS
    00000132 0009                   NOP
B_B 00000000              _BR_Size:                        ; static: BR_Size
    00000000 00000004               .RES.L      1
B   00000000              __$__T29505008$251:              ; static: __T29505008
    00000000 00000004               .RES.L      1
    00000004              __$__2805_26_sceneManager$252:   ; static: sceneManager
    00000004 00000004               .RES.L      1





SH SERIES C/C++ Compiler (Ver. 6.0C)                                                                 18-Nov-2021 16:33:51  PAGE    1


******** STATISTICS INFORMATION ********


********** ERROR INFORMATION ***********

NUMBER OF ERRORS:           0
NUMBER OF WARNINGS:        50




******* SOURCE LINE INFORMATION ********

COMPILED SOURCE LINE:      110



******* SECTION SIZE INFORMATION *******

PROGRAM  SECTION (P):                               00000134 Byte(s)
PROGRAM  SECTION (P_BR_Size):                       00000000 Byte(s)
PROGRAM  SECTION (P_TOP):                           0000000C Byte(s)
CONSTANT SECTION (C):                               00000000 Byte(s)
CONSTANT SECTION (C_BR_Size):                       00000000 Byte(s)
CONSTANT SECTION (C_TOP):                           00000000 Byte(s)
DATA     SECTION (D):                               00000000 Byte(s)
DATA     SECTION (D_BR_Size):                       00000000 Byte(s)
DATA     SECTION (D_TOP):                           00000000 Byte(s)
BSS      SECTION (B):                               00000008 Byte(s)
BSS      SECTION (B_BR_Size):                       00000004 Byte(s)
BSS      SECTION (B_TOP):                           00000000 Byte(s)

 TOTAL PROGRAM SIZE: 0000014C Byte(s)



********** LABEL INFORMATION ***********

NUMBER OF EXTERNAL REFERENCE SYMBOLS:           12
NUMBER OF EXTERNAL DEFINITION SYMBOLS:           4
NUMBER OF INTERNAL/EXTERNAL SYMBOLS:            26






















*** COMMAND PARAMETER ***


  -subcommand=C:\Users\leofa\AppData\Local\Temp\hmkB9E4.tmp 

